{"C:\\Local\\Project\\New folder (2)\\new_service_provisioning_system\\server\\config.js": {"path":"C:\\Local\\Project\\New folder (2)\\new_service_provisioning_system\\server\\config.js","statementMap":{"0":{"start":{"line":2,"column":15},"end":{"line":25,"column":1}}},"fnMap":{},"branchMap":{"0":{"loc":{"start":{"line":27,"column":22},"end":{"line":27,"column":59}},"type":"binary-expr","locations":[{"start":{"line":27,"column":22},"end":{"line":27,"column":42}},{"start":{"line":27,"column":46},"end":{"line":27,"column":59}}],"line":27}},"s":{"0":1},"f":{},"b":{"0":[1,0]},"_coverageSchema":"1a1c01bbd47fc00a2c39e90264f33305004495a9","hash":"a5aeb8e02759ae3f14c2913be64d7610413ed1fa"}
,"C:\\Local\\Project\\New folder (2)\\new_service_provisioning_system\\server\\sequelize.js": {"path":"C:\\Local\\Project\\New folder (2)\\new_service_provisioning_system\\server\\sequelize.js","statementMap":{"0":{"start":{"line":5,"column":18},"end":{"line":8,"column":2}}},"fnMap":{},"branchMap":{},"s":{"0":1},"f":{},"b":{},"_coverageSchema":"1a1c01bbd47fc00a2c39e90264f33305004495a9","hash":"c18e0130201888f3c35a8cb3c9655588a0e55883"}
,"C:\\Local\\Project\\New folder (2)\\new_service_provisioning_system\\server\\server.js": {"path":"C:\\Local\\Project\\New folder (2)\\new_service_provisioning_system\\server\\server.js","statementMap":{"0":{"start":{"line":17,"column":19},"end":{"line":17,"column":21}},"1":{"start":{"line":18,"column":23},"end":{"line":37,"column":1}},"2":{"start":{"line":38,"column":12},"end":{"line":38,"column":21}},"3":{"start":{"line":39,"column":0},"end":{"line":39,"column":24}},"4":{"start":{"line":40,"column":0},"end":{"line":46,"column":2}},"5":{"start":{"line":47,"column":0},"end":{"line":47,"column":24}},"6":{"start":{"line":48,"column":20},"end":{"line":48,"column":48}},"7":{"start":{"line":49,"column":0},"end":{"line":49,"column":68}},"8":{"start":{"line":53,"column":19},"end":{"line":72,"column":1}},"9":{"start":{"line":54,"column":16},"end":{"line":54,"column":33}},"10":{"start":{"line":55,"column":2},"end":{"line":71,"column":3}},"11":{"start":{"line":56,"column":4},"end":{"line":59,"column":7}},"12":{"start":{"line":61,"column":4},"end":{"line":70,"column":7}},"13":{"start":{"line":62,"column":6},"end":{"line":69,"column":7}},"14":{"start":{"line":63,"column":8},"end":{"line":63,"column":56}},"15":{"start":{"line":65,"column":8},"end":{"line":65,"column":47}},"16":{"start":{"line":66,"column":8},"end":{"line":66,"column":32}},"17":{"start":{"line":67,"column":8},"end":{"line":67,"column":32}},"18":{"start":{"line":68,"column":8},"end":{"line":68,"column":15}},"19":{"start":{"line":75,"column":20},"end":{"line":90,"column":1}},"20":{"start":{"line":76,"column":2},"end":{"line":89,"column":3}},"21":{"start":{"line":77,"column":4},"end":{"line":77,"column":51}},"22":{"start":{"line":78,"column":17},"end":{"line":78,"column":48}},"23":{"start":{"line":79,"column":4},"end":{"line":79,"column":39}},"24":{"start":{"line":80,"column":4},"end":{"line":85,"column":5}},"25":{"start":{"line":81,"column":6},"end":{"line":81,"column":13}},"26":{"start":{"line":83,"column":6},"end":{"line":83,"column":59}},"27":{"start":{"line":84,"column":6},"end":{"line":84,"column":75}},"28":{"start":{"line":87,"column":4},"end":{"line":87,"column":49}},"29":{"start":{"line":88,"column":4},"end":{"line":88,"column":59}},"30":{"start":{"line":96,"column":0},"end":{"line":101,"column":3}},"31":{"start":{"line":97,"column":2},"end":{"line":100,"column":5}},"32":{"start":{"line":103,"column":0},"end":{"line":119,"column":3}},"33":{"start":{"line":104,"column":2},"end":{"line":118,"column":3}},"34":{"start":{"line":105,"column":22},"end":{"line":108,"column":6}},"35":{"start":{"line":110,"column":4},"end":{"line":114,"column":5}},"36":{"start":{"line":111,"column":6},"end":{"line":111,"column":33}},"37":{"start":{"line":113,"column":6},"end":{"line":113,"column":67}},"38":{"start":{"line":116,"column":4},"end":{"line":116,"column":52}},"39":{"start":{"line":117,"column":4},"end":{"line":117,"column":59}},"40":{"start":{"line":120,"column":0},"end":{"line":134,"column":3}},"41":{"start":{"line":121,"column":2},"end":{"line":133,"column":3}},"42":{"start":{"line":122,"column":17},"end":{"line":122,"column":65}},"43":{"start":{"line":123,"column":4},"end":{"line":128,"column":7}},"44":{"start":{"line":129,"column":4},"end":{"line":129,"column":43}},"45":{"start":{"line":131,"column":4},"end":{"line":131,"column":58}},"46":{"start":{"line":132,"column":4},"end":{"line":132,"column":65}},"47":{"start":{"line":135,"column":0},"end":{"line":161,"column":3}},"48":{"start":{"line":136,"column":2},"end":{"line":160,"column":3}},"49":{"start":{"line":137,"column":17},"end":{"line":137,"column":73}},"50":{"start":{"line":138,"column":4},"end":{"line":157,"column":5}},"51":{"start":{"line":139,"column":30},"end":{"line":142,"column":7}},"52":{"start":{"line":143,"column":6},"end":{"line":154,"column":7}},"53":{"start":{"line":144,"column":22},"end":{"line":148,"column":9}},"54":{"start":{"line":149,"column":8},"end":{"line":149,"column":35}},"55":{"start":{"line":150,"column":8},"end":{"line":150,"column":29}},"56":{"start":{"line":151,"column":8},"end":{"line":151,"column":77}},"57":{"start":{"line":153,"column":8},"end":{"line":153,"column":69}},"58":{"start":{"line":156,"column":6},"end":{"line":156,"column":54}},"59":{"start":{"line":159,"column":4},"end":{"line":159,"column":56}},"60":{"start":{"line":164,"column":0},"end":{"line":200,"column":3}},"61":{"start":{"line":165,"column":2},"end":{"line":199,"column":3}},"62":{"start":{"line":166,"column":36},"end":{"line":166,"column":44}},"63":{"start":{"line":169,"column":4},"end":{"line":176,"column":5}},"64":{"start":{"line":175,"column":6},"end":{"line":175,"column":70}},"65":{"start":{"line":179,"column":4},"end":{"line":179,"column":42}},"66":{"start":{"line":182,"column":20},"end":{"line":184,"column":6}},"67":{"start":{"line":187,"column":25},"end":{"line":191,"column":7}},"68":{"start":{"line":187,"column":46},"end":{"line":191,"column":5}},"69":{"start":{"line":193,"column":4},"end":{"line":193,"column":40}},"70":{"start":{"line":195,"column":4},"end":{"line":195,"column":64}},"71":{"start":{"line":197,"column":4},"end":{"line":197,"column":50}},"72":{"start":{"line":198,"column":4},"end":{"line":198,"column":69}},"73":{"start":{"line":204,"column":0},"end":{"line":216,"column":3}},"74":{"start":{"line":205,"column":2},"end":{"line":215,"column":3}},"75":{"start":{"line":206,"column":29},"end":{"line":206,"column":38}},"76":{"start":{"line":207,"column":28},"end":{"line":207,"column":78}},"77":{"start":{"line":208,"column":4},"end":{"line":210,"column":5}},"78":{"start":{"line":209,"column":6},"end":{"line":209,"column":40}},"79":{"start":{"line":211,"column":4},"end":{"line":211,"column":39}},"80":{"start":{"line":213,"column":4},"end":{"line":213,"column":55}},"81":{"start":{"line":214,"column":4},"end":{"line":214,"column":59}},"82":{"start":{"line":219,"column":0},"end":{"line":246,"column":3}},"83":{"start":{"line":220,"column":2},"end":{"line":245,"column":3}},"84":{"start":{"line":221,"column":21},"end":{"line":226,"column":6}},"85":{"start":{"line":229,"column":30},"end":{"line":239,"column":7}},"86":{"start":{"line":229,"column":57},"end":{"line":239,"column":5}},"87":{"start":{"line":233,"column":24},"end":{"line":236,"column":9}},"88":{"start":{"line":241,"column":4},"end":{"line":241,"column":32}},"89":{"start":{"line":243,"column":4},"end":{"line":243,"column":51}},"90":{"start":{"line":244,"column":4},"end":{"line":244,"column":52}},"91":{"start":{"line":248,"column":0},"end":{"line":251,"column":3}},"92":{"start":{"line":249,"column":2},"end":{"line":249,"column":27}},"93":{"start":{"line":250,"column":2},"end":{"line":250,"column":41}},"94":{"start":{"line":256,"column":0},"end":{"line":286,"column":3}},"95":{"start":{"line":257,"column":2},"end":{"line":285,"column":3}},"96":{"start":{"line":258,"column":19},"end":{"line":258,"column":29}},"97":{"start":{"line":259,"column":22},"end":{"line":259,"column":30}},"98":{"start":{"line":260,"column":20},"end":{"line":260,"column":46}},"99":{"start":{"line":261,"column":4},"end":{"line":263,"column":5}},"100":{"start":{"line":262,"column":6},"end":{"line":262,"column":66}},"101":{"start":{"line":265,"column":4},"end":{"line":279,"column":5}},"102":{"start":{"line":266,"column":6},"end":{"line":266,"column":56}},"103":{"start":{"line":267,"column":6},"end":{"line":267,"column":44}},"104":{"start":{"line":270,"column":27},"end":{"line":274,"column":9}},"105":{"start":{"line":270,"column":48},"end":{"line":274,"column":7}},"106":{"start":{"line":276,"column":6},"end":{"line":276,"column":46}},"107":{"start":{"line":277,"column":6},"end":{"line":277,"column":42}},"108":{"start":{"line":278,"column":6},"end":{"line":278,"column":39}},"109":{"start":{"line":281,"column":4},"end":{"line":281,"column":70}},"110":{"start":{"line":283,"column":4},"end":{"line":283,"column":56}},"111":{"start":{"line":284,"column":4},"end":{"line":284,"column":75}},"112":{"start":{"line":288,"column":0},"end":{"line":304,"column":3}},"113":{"start":{"line":289,"column":2},"end":{"line":303,"column":3}},"114":{"start":{"line":290,"column":19},"end":{"line":290,"column":29}},"115":{"start":{"line":292,"column":20},"end":{"line":292,"column":46}},"116":{"start":{"line":293,"column":4},"end":{"line":295,"column":5}},"117":{"start":{"line":294,"column":6},"end":{"line":294,"column":66}},"118":{"start":{"line":297,"column":4},"end":{"line":297,"column":54}},"119":{"start":{"line":298,"column":4},"end":{"line":298,"column":28}},"120":{"start":{"line":300,"column":4},"end":{"line":300,"column":64}},"121":{"start":{"line":302,"column":4},"end":{"line":302,"column":69}},"122":{"start":{"line":307,"column":0},"end":{"line":315,"column":3}},"123":{"start":{"line":308,"column":2},"end":{"line":314,"column":3}},"124":{"start":{"line":309,"column":21},"end":{"line":309,"column":44}},"125":{"start":{"line":310,"column":4},"end":{"line":310,"column":23}},"126":{"start":{"line":312,"column":4},"end":{"line":312,"column":51}},"127":{"start":{"line":313,"column":4},"end":{"line":313,"column":64}},"128":{"start":{"line":317,"column":0},"end":{"line":340,"column":3}},"129":{"start":{"line":318,"column":2},"end":{"line":339,"column":3}},"130":{"start":{"line":319,"column":28},"end":{"line":319,"column":38}},"131":{"start":{"line":321,"column":29},"end":{"line":327,"column":6}},"132":{"start":{"line":330,"column":21},"end":{"line":333,"column":7}},"133":{"start":{"line":330,"column":51},"end":{"line":333,"column":5}},"134":{"start":{"line":335,"column":4},"end":{"line":335,"column":23}},"135":{"start":{"line":337,"column":4},"end":{"line":337,"column":67}},"136":{"start":{"line":338,"column":4},"end":{"line":338,"column":61}},"137":{"start":{"line":342,"column":0},"end":{"line":350,"column":3}},"138":{"start":{"line":343,"column":2},"end":{"line":349,"column":3}},"139":{"start":{"line":344,"column":18},"end":{"line":344,"column":38}},"140":{"start":{"line":345,"column":4},"end":{"line":345,"column":20}},"141":{"start":{"line":347,"column":4},"end":{"line":347,"column":48}},"142":{"start":{"line":348,"column":4},"end":{"line":348,"column":61}},"143":{"start":{"line":353,"column":0},"end":{"line":385,"column":3}},"144":{"start":{"line":354,"column":2},"end":{"line":384,"column":3}},"145":{"start":{"line":355,"column":46},"end":{"line":355,"column":54}},"146":{"start":{"line":358,"column":20},"end":{"line":358,"column":54}},"147":{"start":{"line":359,"column":25},"end":{"line":364,"column":6}},"148":{"start":{"line":365,"column":4},"end":{"line":365,"column":30}},"149":{"start":{"line":366,"column":4},"end":{"line":368,"column":5}},"150":{"start":{"line":367,"column":6},"end":{"line":367,"column":74}},"151":{"start":{"line":370,"column":4},"end":{"line":375,"column":7}},"152":{"start":{"line":377,"column":4},"end":{"line":380,"column":7}},"153":{"start":{"line":382,"column":4},"end":{"line":382,"column":51}},"154":{"start":{"line":383,"column":4},"end":{"line":383,"column":70}},"155":{"start":{"line":387,"column":0},"end":{"line":420,"column":3}},"156":{"start":{"line":388,"column":2},"end":{"line":419,"column":3}},"157":{"start":{"line":389,"column":60},"end":{"line":389,"column":68}},"158":{"start":{"line":391,"column":20},"end":{"line":391,"column":54}},"159":{"start":{"line":392,"column":25},"end":{"line":398,"column":6}},"160":{"start":{"line":399,"column":4},"end":{"line":401,"column":5}},"161":{"start":{"line":400,"column":6},"end":{"line":400,"column":74}},"162":{"start":{"line":403,"column":23},"end":{"line":409,"column":6}},"163":{"start":{"line":411,"column":4},"end":{"line":415,"column":7}},"164":{"start":{"line":417,"column":4},"end":{"line":417,"column":50}},"165":{"start":{"line":418,"column":4},"end":{"line":418,"column":69}},"166":{"start":{"line":423,"column":0},"end":{"line":522,"column":3}},"167":{"start":{"line":424,"column":2},"end":{"line":521,"column":3}},"168":{"start":{"line":425,"column":22},"end":{"line":425,"column":35}},"169":{"start":{"line":428,"column":20},"end":{"line":428,"column":53}},"170":{"start":{"line":430,"column":4},"end":{"line":432,"column":5}},"171":{"start":{"line":431,"column":6},"end":{"line":431,"column":66}},"172":{"start":{"line":438,"column":4},"end":{"line":517,"column":5}},"173":{"start":{"line":440,"column":8},"end":{"line":448,"column":10}},"174":{"start":{"line":450,"column":8},"end":{"line":460,"column":9}},"175":{"start":{"line":451,"column":10},"end":{"line":451,"column":62}},"176":{"start":{"line":452,"column":10},"end":{"line":455,"column":13}},"177":{"start":{"line":457,"column":10},"end":{"line":459,"column":64}},"178":{"start":{"line":463,"column":24},"end":{"line":468,"column":10}},"179":{"start":{"line":469,"column":21},"end":{"line":469,"column":79}},"180":{"start":{"line":471,"column":8},"end":{"line":475,"column":9}},"181":{"start":{"line":472,"column":10},"end":{"line":474,"column":68}},"182":{"start":{"line":477,"column":8},"end":{"line":479,"column":9}},"183":{"start":{"line":478,"column":10},"end":{"line":478,"column":74}},"184":{"start":{"line":480,"column":8},"end":{"line":485,"column":11}},"185":{"start":{"line":486,"column":8},"end":{"line":493,"column":11}},"186":{"start":{"line":495,"column":8},"end":{"line":495,"column":60}},"187":{"start":{"line":496,"column":8},"end":{"line":499,"column":11}},"188":{"start":{"line":502,"column":8},"end":{"line":507,"column":11}},"189":{"start":{"line":509,"column":8},"end":{"line":509,"column":60}},"190":{"start":{"line":510,"column":8},"end":{"line":513,"column":11}},"191":{"start":{"line":516,"column":8},"end":{"line":516,"column":71}},"192":{"start":{"line":519,"column":4},"end":{"line":519,"column":51}},"193":{"start":{"line":520,"column":4},"end":{"line":520,"column":70}},"194":{"start":{"line":524,"column":0},"end":{"line":537,"column":3}},"195":{"start":{"line":525,"column":2},"end":{"line":536,"column":3}},"196":{"start":{"line":526,"column":15},"end":{"line":526,"column":28}},"197":{"start":{"line":527,"column":19},"end":{"line":527,"column":59}},"198":{"start":{"line":528,"column":4},"end":{"line":532,"column":5}},"199":{"start":{"line":529,"column":6},"end":{"line":529,"column":59}},"200":{"start":{"line":531,"column":6},"end":{"line":531,"column":60}},"201":{"start":{"line":534,"column":4},"end":{"line":534,"column":52}},"202":{"start":{"line":535,"column":4},"end":{"line":535,"column":65}},"203":{"start":{"line":539,"column":0},"end":{"line":547,"column":3}},"204":{"start":{"line":540,"column":2},"end":{"line":546,"column":3}},"205":{"start":{"line":541,"column":21},"end":{"line":541,"column":44}},"206":{"start":{"line":542,"column":4},"end":{"line":542,"column":30}},"207":{"start":{"line":544,"column":4},"end":{"line":544,"column":51}},"208":{"start":{"line":545,"column":4},"end":{"line":545,"column":70}},"209":{"start":{"line":549,"column":0},"end":{"line":586,"column":3}},"210":{"start":{"line":550,"column":2},"end":{"line":585,"column":3}},"211":{"start":{"line":551,"column":19},"end":{"line":551,"column":29}},"212":{"start":{"line":554,"column":29},"end":{"line":556,"column":6}},"213":{"start":{"line":557,"column":21},"end":{"line":557,"column":44}},"214":{"start":{"line":558,"column":4},"end":{"line":560,"column":5}},"215":{"start":{"line":559,"column":6},"end":{"line":559,"column":67}},"216":{"start":{"line":561,"column":25},"end":{"line":561,"column":38}},"217":{"start":{"line":563,"column":4},"end":{"line":573,"column":6}},"218":{"start":{"line":565,"column":8},"end":{"line":571,"column":10}},"219":{"start":{"line":576,"column":4},"end":{"line":576,"column":42}},"220":{"start":{"line":579,"column":4},"end":{"line":579,"column":66}},"221":{"start":{"line":581,"column":4},"end":{"line":581,"column":58}},"222":{"start":{"line":583,"column":4},"end":{"line":583,"column":51}},"223":{"start":{"line":584,"column":4},"end":{"line":584,"column":52}},"224":{"start":{"line":588,"column":0},"end":{"line":604,"column":3}},"225":{"start":{"line":589,"column":2},"end":{"line":603,"column":3}},"226":{"start":{"line":590,"column":22},"end":{"line":593,"column":6}},"227":{"start":{"line":595,"column":4},"end":{"line":599,"column":5}},"228":{"start":{"line":596,"column":6},"end":{"line":596,"column":33}},"229":{"start":{"line":598,"column":6},"end":{"line":598,"column":67}},"230":{"start":{"line":601,"column":4},"end":{"line":601,"column":52}},"231":{"start":{"line":602,"column":4},"end":{"line":602,"column":59}},"232":{"start":{"line":607,"column":0},"end":{"line":648,"column":3}},"233":{"start":{"line":608,"column":2},"end":{"line":647,"column":3}},"234":{"start":{"line":609,"column":28},"end":{"line":609,"column":38}},"235":{"start":{"line":611,"column":21},"end":{"line":614,"column":6}},"236":{"start":{"line":616,"column":4},"end":{"line":618,"column":5}},"237":{"start":{"line":617,"column":6},"end":{"line":617,"column":67}},"238":{"start":{"line":620,"column":21},"end":{"line":629,"column":6}},"239":{"start":{"line":631,"column":25},"end":{"line":641,"column":5}},"240":{"start":{"line":635,"column":52},"end":{"line":640,"column":7}},"241":{"start":{"line":643,"column":4},"end":{"line":643,"column":34}},"242":{"start":{"line":645,"column":4},"end":{"line":645,"column":59}},"243":{"start":{"line":646,"column":4},"end":{"line":646,"column":78}},"244":{"start":{"line":650,"column":0},"end":{"line":668,"column":2}},"245":{"start":{"line":653,"column":40},"end":{"line":653,"column":50}},"246":{"start":{"line":654,"column":4},"end":{"line":666,"column":5}},"247":{"start":{"line":655,"column":30},"end":{"line":657,"column":8}},"248":{"start":{"line":658,"column":6},"end":{"line":662,"column":7}},"249":{"start":{"line":659,"column":8},"end":{"line":659,"column":59}},"250":{"start":{"line":661,"column":8},"end":{"line":661,"column":79}},"251":{"start":{"line":664,"column":6},"end":{"line":664,"column":59}},"252":{"start":{"line":665,"column":6},"end":{"line":665,"column":70}},"253":{"start":{"line":670,"column":0},"end":{"line":687,"column":3}},"254":{"start":{"line":671,"column":58},"end":{"line":671,"column":66}},"255":{"start":{"line":672,"column":2},"end":{"line":686,"column":3}},"256":{"start":{"line":673,"column":22},"end":{"line":676,"column":5}},"257":{"start":{"line":678,"column":4},"end":{"line":682,"column":5}},"258":{"start":{"line":679,"column":6},"end":{"line":679,"column":38}},"259":{"start":{"line":681,"column":6},"end":{"line":681,"column":73}},"260":{"start":{"line":684,"column":4},"end":{"line":684,"column":57}},"261":{"start":{"line":685,"column":4},"end":{"line":685,"column":69}},"262":{"start":{"line":689,"column":0},"end":{"line":712,"column":3}},"263":{"start":{"line":690,"column":2},"end":{"line":711,"column":3}},"264":{"start":{"line":691,"column":34},"end":{"line":691,"column":44}},"265":{"start":{"line":694,"column":17},"end":{"line":696,"column":6}},"266":{"start":{"line":698,"column":4},"end":{"line":698,"column":39}},"267":{"start":{"line":700,"column":4},"end":{"line":704,"column":5}},"268":{"start":{"line":701,"column":6},"end":{"line":703,"column":71}},"269":{"start":{"line":707,"column":4},"end":{"line":707,"column":42}},"270":{"start":{"line":709,"column":4},"end":{"line":709,"column":56}},"271":{"start":{"line":710,"column":4},"end":{"line":710,"column":63}},"272":{"start":{"line":716,"column":0},"end":{"line":749,"column":3}},"273":{"start":{"line":717,"column":2},"end":{"line":748,"column":3}},"274":{"start":{"line":718,"column":40},"end":{"line":718,"column":48}},"275":{"start":{"line":721,"column":20},"end":{"line":723,"column":6}},"276":{"start":{"line":724,"column":17},"end":{"line":724,"column":67}},"277":{"start":{"line":725,"column":4},"end":{"line":729,"column":5}},"278":{"start":{"line":726,"column":6},"end":{"line":728,"column":64}},"279":{"start":{"line":730,"column":4},"end":{"line":732,"column":5}},"280":{"start":{"line":731,"column":6},"end":{"line":731,"column":79}},"281":{"start":{"line":736,"column":4},"end":{"line":742,"column":7}},"282":{"start":{"line":744,"column":4},"end":{"line":744,"column":65}},"283":{"start":{"line":746,"column":4},"end":{"line":746,"column":51}},"284":{"start":{"line":747,"column":4},"end":{"line":747,"column":70}},"285":{"start":{"line":752,"column":0},"end":{"line":770,"column":3}},"286":{"start":{"line":753,"column":2},"end":{"line":769,"column":3}},"287":{"start":{"line":754,"column":27},"end":{"line":754,"column":37}},"288":{"start":{"line":757,"column":20},"end":{"line":759,"column":6}},"289":{"start":{"line":761,"column":4},"end":{"line":765,"column":5}},"290":{"start":{"line":762,"column":6},"end":{"line":762,"column":66}},"291":{"start":{"line":764,"column":6},"end":{"line":764,"column":66}},"292":{"start":{"line":767,"column":4},"end":{"line":767,"column":50}},"293":{"start":{"line":768,"column":4},"end":{"line":768,"column":69}},"294":{"start":{"line":772,"column":0},"end":{"line":779,"column":3}},"295":{"start":{"line":773,"column":2},"end":{"line":778,"column":3}},"296":{"start":{"line":774,"column":21},"end":{"line":774,"column":44}},"297":{"start":{"line":775,"column":4},"end":{"line":775,"column":23}},"298":{"start":{"line":777,"column":4},"end":{"line":777,"column":68}},"299":{"start":{"line":781,"column":0},"end":{"line":791,"column":3}},"300":{"start":{"line":782,"column":2},"end":{"line":782,"column":41}},"301":{"start":{"line":785,"column":2},"end":{"line":790,"column":66}},"302":{"start":{"line":788,"column":6},"end":{"line":788,"column":48}},"303":{"start":{"line":790,"column":20},"end":{"line":790,"column":64}}},"fnMap":{"0":{"name":"(anonymous_0)","decl":{"start":{"line":53,"column":19},"end":{"line":53,"column":20}},"loc":{"start":{"line":53,"column":39},"end":{"line":72,"column":1}},"line":53},"1":{"name":"(anonymous_1)","decl":{"start":{"line":61,"column":40},"end":{"line":61,"column":41}},"loc":{"start":{"line":61,"column":58},"end":{"line":70,"column":5}},"line":61},"2":{"name":"(anonymous_2)","decl":{"start":{"line":75,"column":20},"end":{"line":75,"column":21}},"loc":{"start":{"line":75,"column":46},"end":{"line":90,"column":1}},"line":75},"3":{"name":"(anonymous_3)","decl":{"start":{"line":96,"column":25},"end":{"line":96,"column":26}},"loc":{"start":{"line":96,"column":39},"end":{"line":101,"column":1}},"line":96},"4":{"name":"(anonymous_4)","decl":{"start":{"line":103,"column":47},"end":{"line":103,"column":48}},"loc":{"start":{"line":103,"column":67},"end":{"line":119,"column":1}},"line":103},"5":{"name":"(anonymous_5)","decl":{"start":{"line":120,"column":22},"end":{"line":120,"column":23}},"loc":{"start":{"line":120,"column":42},"end":{"line":134,"column":1}},"line":120},"6":{"name":"(anonymous_6)","decl":{"start":{"line":135,"column":19},"end":{"line":135,"column":20}},"loc":{"start":{"line":135,"column":39},"end":{"line":161,"column":1}},"line":135},"7":{"name":"(anonymous_7)","decl":{"start":{"line":164,"column":52},"end":{"line":164,"column":53}},"loc":{"start":{"line":164,"column":72},"end":{"line":200,"column":1}},"line":164},"8":{"name":"(anonymous_8)","decl":{"start":{"line":187,"column":35},"end":{"line":187,"column":36}},"loc":{"start":{"line":187,"column":46},"end":{"line":191,"column":5}},"line":187},"9":{"name":"(anonymous_9)","decl":{"start":{"line":204,"column":25},"end":{"line":204,"column":26}},"loc":{"start":{"line":204,"column":45},"end":{"line":216,"column":1}},"line":204},"10":{"name":"(anonymous_10)","decl":{"start":{"line":219,"column":24},"end":{"line":219,"column":25}},"loc":{"start":{"line":219,"column":44},"end":{"line":246,"column":1}},"line":219},"11":{"name":"(anonymous_11)","decl":{"start":{"line":229,"column":43},"end":{"line":229,"column":44}},"loc":{"start":{"line":229,"column":57},"end":{"line":239,"column":5}},"line":229},"12":{"name":"(anonymous_12)","decl":{"start":{"line":233,"column":8},"end":{"line":233,"column":9}},"loc":{"start":{"line":233,"column":24},"end":{"line":236,"column":9}},"line":233},"13":{"name":"(anonymous_13)","decl":{"start":{"line":248,"column":19},"end":{"line":248,"column":20}},"loc":{"start":{"line":248,"column":33},"end":{"line":251,"column":1}},"line":248},"14":{"name":"(anonymous_14)","decl":{"start":{"line":256,"column":30},"end":{"line":256,"column":31}},"loc":{"start":{"line":256,"column":50},"end":{"line":286,"column":1}},"line":256},"15":{"name":"(anonymous_15)","decl":{"start":{"line":270,"column":37},"end":{"line":270,"column":38}},"loc":{"start":{"line":270,"column":48},"end":{"line":274,"column":7}},"line":270},"16":{"name":"(anonymous_16)","decl":{"start":{"line":288,"column":58},"end":{"line":288,"column":59}},"loc":{"start":{"line":288,"column":78},"end":{"line":304,"column":1}},"line":288},"17":{"name":"(anonymous_17)","decl":{"start":{"line":307,"column":21},"end":{"line":307,"column":22}},"loc":{"start":{"line":307,"column":41},"end":{"line":315,"column":1}},"line":307},"18":{"name":"(anonymous_18)","decl":{"start":{"line":317,"column":34},"end":{"line":317,"column":35}},"loc":{"start":{"line":317,"column":54},"end":{"line":340,"column":1}},"line":317},"19":{"name":"(anonymous_19)","decl":{"start":{"line":330,"column":42},"end":{"line":330,"column":43}},"loc":{"start":{"line":330,"column":51},"end":{"line":333,"column":5}},"line":330},"20":{"name":"(anonymous_20)","decl":{"start":{"line":342,"column":18},"end":{"line":342,"column":19}},"loc":{"start":{"line":342,"column":38},"end":{"line":350,"column":1}},"line":342},"21":{"name":"(anonymous_21)","decl":{"start":{"line":353,"column":49},"end":{"line":353,"column":50}},"loc":{"start":{"line":353,"column":69},"end":{"line":385,"column":1}},"line":353},"22":{"name":"(anonymous_22)","decl":{"start":{"line":387,"column":22},"end":{"line":387,"column":23}},"loc":{"start":{"line":387,"column":42},"end":{"line":420,"column":1}},"line":387},"23":{"name":"(anonymous_23)","decl":{"start":{"line":423,"column":33},"end":{"line":423,"column":34}},"loc":{"start":{"line":423,"column":53},"end":{"line":522,"column":1}},"line":423},"24":{"name":"(anonymous_24)","decl":{"start":{"line":524,"column":28},"end":{"line":524,"column":29}},"loc":{"start":{"line":524,"column":48},"end":{"line":537,"column":1}},"line":524},"25":{"name":"(anonymous_25)","decl":{"start":{"line":539,"column":21},"end":{"line":539,"column":22}},"loc":{"start":{"line":539,"column":41},"end":{"line":547,"column":1}},"line":539},"26":{"name":"(anonymous_26)","decl":{"start":{"line":549,"column":53},"end":{"line":549,"column":54}},"loc":{"start":{"line":549,"column":73},"end":{"line":586,"column":1}},"line":549},"27":{"name":"(anonymous_27)","decl":{"start":{"line":564,"column":27},"end":{"line":564,"column":28}},"loc":{"start":{"line":565,"column":8},"end":{"line":571,"column":10}},"line":565},"28":{"name":"(anonymous_28)","decl":{"start":{"line":588,"column":47},"end":{"line":588,"column":48}},"loc":{"start":{"line":588,"column":67},"end":{"line":604,"column":1}},"line":588},"29":{"name":"(anonymous_29)","decl":{"start":{"line":607,"column":34},"end":{"line":607,"column":35}},"loc":{"start":{"line":607,"column":54},"end":{"line":648,"column":1}},"line":607},"30":{"name":"(anonymous_30)","decl":{"start":{"line":635,"column":38},"end":{"line":635,"column":39}},"loc":{"start":{"line":635,"column":52},"end":{"line":640,"column":7}},"line":635},"31":{"name":"(anonymous_31)","decl":{"start":{"line":652,"column":2},"end":{"line":652,"column":3}},"loc":{"start":{"line":652,"column":22},"end":{"line":667,"column":3}},"line":652},"32":{"name":"(anonymous_32)","decl":{"start":{"line":670,"column":36},"end":{"line":670,"column":37}},"loc":{"start":{"line":670,"column":56},"end":{"line":687,"column":1}},"line":670},"33":{"name":"(anonymous_33)","decl":{"start":{"line":689,"column":45},"end":{"line":689,"column":46}},"loc":{"start":{"line":689,"column":65},"end":{"line":712,"column":1}},"line":689},"34":{"name":"(anonymous_34)","decl":{"start":{"line":716,"column":33},"end":{"line":716,"column":34}},"loc":{"start":{"line":716,"column":53},"end":{"line":749,"column":1}},"line":716},"35":{"name":"(anonymous_35)","decl":{"start":{"line":752,"column":57},"end":{"line":752,"column":58}},"loc":{"start":{"line":752,"column":77},"end":{"line":770,"column":1}},"line":752},"36":{"name":"(anonymous_36)","decl":{"start":{"line":772,"column":21},"end":{"line":772,"column":22}},"loc":{"start":{"line":772,"column":41},"end":{"line":779,"column":1}},"line":772},"37":{"name":"(anonymous_37)","decl":{"start":{"line":781,"column":17},"end":{"line":781,"column":18}},"loc":{"start":{"line":781,"column":23},"end":{"line":791,"column":1}},"line":781},"38":{"name":"(anonymous_38)","decl":{"start":{"line":787,"column":10},"end":{"line":787,"column":11}},"loc":{"start":{"line":787,"column":16},"end":{"line":789,"column":5}},"line":787},"39":{"name":"(anonymous_39)","decl":{"start":{"line":790,"column":11},"end":{"line":790,"column":12}},"loc":{"start":{"line":790,"column":20},"end":{"line":790,"column":64}},"line":790}},"branchMap":{"0":{"loc":{"start":{"line":55,"column":2},"end":{"line":71,"column":3}},"type":"if","locations":[{"start":{"line":55,"column":2},"end":{"line":71,"column":3}},{"start":{"line":60,"column":9},"end":{"line":71,"column":3}}],"line":55},"1":{"loc":{"start":{"line":62,"column":6},"end":{"line":69,"column":7}},"type":"if","locations":[{"start":{"line":62,"column":6},"end":{"line":69,"column":7}},{"start":{"line":64,"column":13},"end":{"line":69,"column":7}}],"line":62},"2":{"loc":{"start":{"line":80,"column":4},"end":{"line":85,"column":5}},"type":"if","locations":[{"start":{"line":80,"column":4},"end":{"line":85,"column":5}},{"start":{"line":82,"column":11},"end":{"line":85,"column":5}}],"line":80},"3":{"loc":{"start":{"line":80,"column":8},"end":{"line":80,"column":37}},"type":"binary-expr","locations":[{"start":{"line":80,"column":8},"end":{"line":80,"column":12}},{"start":{"line":80,"column":16},"end":{"line":80,"column":37}}],"line":80},"4":{"loc":{"start":{"line":110,"column":4},"end":{"line":114,"column":5}},"type":"if","locations":[{"start":{"line":110,"column":4},"end":{"line":114,"column":5}},{"start":{"line":112,"column":11},"end":{"line":114,"column":5}}],"line":110},"5":{"loc":{"start":{"line":138,"column":4},"end":{"line":157,"column":5}},"type":"if","locations":[{"start":{"line":138,"column":4},"end":{"line":157,"column":5}},{"start":{"line":155,"column":11},"end":{"line":157,"column":5}}],"line":138},"6":{"loc":{"start":{"line":143,"column":6},"end":{"line":154,"column":7}},"type":"if","locations":[{"start":{"line":143,"column":6},"end":{"line":154,"column":7}},{"start":{"line":152,"column":13},"end":{"line":154,"column":7}}],"line":143},"7":{"loc":{"start":{"line":169,"column":4},"end":{"line":176,"column":5}},"type":"if","locations":[{"start":{"line":169,"column":4},"end":{"line":176,"column":5}},{"start":{},"end":{}}],"line":169},"8":{"loc":{"start":{"line":170,"column":6},"end":{"line":173,"column":24}},"type":"binary-expr","locations":[{"start":{"line":170,"column":6},"end":{"line":170,"column":19}},{"start":{"line":171,"column":6},"end":{"line":171,"column":12}},{"start":{"line":172,"column":6},"end":{"line":172,"column":27}},{"start":{"line":173,"column":6},"end":{"line":173,"column":24}}],"line":170},"9":{"loc":{"start":{"line":208,"column":4},"end":{"line":210,"column":5}},"type":"if","locations":[{"start":{"line":208,"column":4},"end":{"line":210,"column":5}},{"start":{},"end":{}}],"line":208},"10":{"loc":{"start":{"line":261,"column":4},"end":{"line":263,"column":5}},"type":"if","locations":[{"start":{"line":261,"column":4},"end":{"line":263,"column":5}},{"start":{},"end":{}}],"line":261},"11":{"loc":{"start":{"line":265,"column":4},"end":{"line":279,"column":5}},"type":"if","locations":[{"start":{"line":265,"column":4},"end":{"line":279,"column":5}},{"start":{},"end":{}}],"line":265},"12":{"loc":{"start":{"line":265,"column":8},"end":{"line":265,"column":37}},"type":"binary-expr","locations":[{"start":{"line":265,"column":8},"end":{"line":265,"column":13}},{"start":{"line":265,"column":17},"end":{"line":265,"column":37}}],"line":265},"13":{"loc":{"start":{"line":293,"column":4},"end":{"line":295,"column":5}},"type":"if","locations":[{"start":{"line":293,"column":4},"end":{"line":295,"column":5}},{"start":{},"end":{}}],"line":293},"14":{"loc":{"start":{"line":366,"column":4},"end":{"line":368,"column":5}},"type":"if","locations":[{"start":{"line":366,"column":4},"end":{"line":368,"column":5}},{"start":{},"end":{}}],"line":366},"15":{"loc":{"start":{"line":366,"column":8},"end":{"line":366,"column":33}},"type":"binary-expr","locations":[{"start":{"line":366,"column":8},"end":{"line":366,"column":16}},{"start":{"line":366,"column":20},"end":{"line":366,"column":33}}],"line":366},"16":{"loc":{"start":{"line":399,"column":4},"end":{"line":401,"column":5}},"type":"if","locations":[{"start":{"line":399,"column":4},"end":{"line":401,"column":5}},{"start":{},"end":{}}],"line":399},"17":{"loc":{"start":{"line":399,"column":8},"end":{"line":399,"column":33}},"type":"binary-expr","locations":[{"start":{"line":399,"column":8},"end":{"line":399,"column":16}},{"start":{"line":399,"column":20},"end":{"line":399,"column":33}}],"line":399},"18":{"loc":{"start":{"line":430,"column":4},"end":{"line":432,"column":5}},"type":"if","locations":[{"start":{"line":430,"column":4},"end":{"line":432,"column":5}},{"start":{},"end":{}}],"line":430},"19":{"loc":{"start":{"line":438,"column":4},"end":{"line":517,"column":5}},"type":"switch","locations":[{"start":{"line":439,"column":6},"end":{"line":460,"column":9}},{"start":{"line":462,"column":6},"end":{"line":499,"column":11}},{"start":{"line":501,"column":6},"end":{"line":513,"column":11}},{"start":{"line":515,"column":6},"end":{"line":516,"column":71}}],"line":438},"20":{"loc":{"start":{"line":450,"column":8},"end":{"line":460,"column":9}},"type":"if","locations":[{"start":{"line":450,"column":8},"end":{"line":460,"column":9}},{"start":{"line":456,"column":15},"end":{"line":460,"column":9}}],"line":450},"21":{"loc":{"start":{"line":471,"column":8},"end":{"line":475,"column":9}},"type":"if","locations":[{"start":{"line":471,"column":8},"end":{"line":475,"column":9}},{"start":{},"end":{}}],"line":471},"22":{"loc":{"start":{"line":477,"column":8},"end":{"line":479,"column":9}},"type":"if","locations":[{"start":{"line":477,"column":8},"end":{"line":479,"column":9}},{"start":{},"end":{}}],"line":477},"23":{"loc":{"start":{"line":528,"column":4},"end":{"line":532,"column":5}},"type":"if","locations":[{"start":{"line":528,"column":4},"end":{"line":532,"column":5}},{"start":{"line":530,"column":11},"end":{"line":532,"column":5}}],"line":528},"24":{"loc":{"start":{"line":558,"column":4},"end":{"line":560,"column":5}},"type":"if","locations":[{"start":{"line":558,"column":4},"end":{"line":560,"column":5}},{"start":{},"end":{}}],"line":558},"25":{"loc":{"start":{"line":595,"column":4},"end":{"line":599,"column":5}},"type":"if","locations":[{"start":{"line":595,"column":4},"end":{"line":599,"column":5}},{"start":{"line":597,"column":11},"end":{"line":599,"column":5}}],"line":595},"26":{"loc":{"start":{"line":616,"column":4},"end":{"line":618,"column":5}},"type":"if","locations":[{"start":{"line":616,"column":4},"end":{"line":618,"column":5}},{"start":{},"end":{}}],"line":616},"27":{"loc":{"start":{"line":658,"column":6},"end":{"line":662,"column":7}},"type":"if","locations":[{"start":{"line":658,"column":6},"end":{"line":662,"column":7}},{"start":{"line":660,"column":13},"end":{"line":662,"column":7}}],"line":658},"28":{"loc":{"start":{"line":678,"column":4},"end":{"line":682,"column":5}},"type":"if","locations":[{"start":{"line":678,"column":4},"end":{"line":682,"column":5}},{"start":{"line":680,"column":11},"end":{"line":682,"column":5}}],"line":678},"29":{"loc":{"start":{"line":700,"column":4},"end":{"line":704,"column":5}},"type":"if","locations":[{"start":{"line":700,"column":4},"end":{"line":704,"column":5}},{"start":{},"end":{}}],"line":700},"30":{"loc":{"start":{"line":725,"column":4},"end":{"line":729,"column":5}},"type":"if","locations":[{"start":{"line":725,"column":4},"end":{"line":729,"column":5}},{"start":{},"end":{}}],"line":725},"31":{"loc":{"start":{"line":730,"column":4},"end":{"line":732,"column":5}},"type":"if","locations":[{"start":{"line":730,"column":4},"end":{"line":732,"column":5}},{"start":{},"end":{}}],"line":730},"32":{"loc":{"start":{"line":761,"column":4},"end":{"line":765,"column":5}},"type":"if","locations":[{"start":{"line":761,"column":4},"end":{"line":765,"column":5}},{"start":{"line":763,"column":11},"end":{"line":765,"column":5}}],"line":761}},"s":{"0":1,"1":1,"2":1,"3":1,"4":1,"5":1,"6":1,"7":1,"8":1,"9":3,"10":3,"11":0,"12":3,"13":3,"14":0,"15":3,"16":3,"17":3,"18":3,"19":1,"20":3,"21":3,"22":3,"23":3,"24":3,"25":3,"26":0,"27":0,"28":0,"29":0,"30":1,"31":0,"32":1,"33":1,"34":1,"35":1,"36":1,"37":0,"38":0,"39":0,"40":1,"41":0,"42":0,"43":0,"44":0,"45":0,"46":0,"47":1,"48":4,"49":4,"50":4,"51":4,"52":4,"53":2,"54":2,"55":2,"56":2,"57":2,"58":0,"59":0,"60":1,"61":1,"62":1,"63":1,"64":0,"65":1,"66":1,"67":1,"68":1,"69":1,"70":1,"71":0,"72":0,"73":1,"74":1,"75":1,"76":1,"77":1,"78":1,"79":0,"80":0,"81":0,"82":1,"83":1,"84":1,"85":1,"86":5,"87":4,"88":1,"89":0,"90":0,"91":1,"92":1,"93":1,"94":1,"95":1,"96":1,"97":1,"98":1,"99":1,"100":0,"101":1,"102":1,"103":1,"104":1,"105":1,"106":1,"107":1,"108":1,"109":1,"110":0,"111":0,"112":1,"113":1,"114":1,"115":1,"116":1,"117":0,"118":1,"119":1,"120":1,"121":0,"122":1,"123":1,"124":1,"125":1,"126":0,"127":0,"128":1,"129":0,"130":0,"131":0,"132":0,"133":0,"134":0,"135":0,"136":0,"137":1,"138":0,"139":0,"140":0,"141":0,"142":0,"143":1,"144":0,"145":0,"146":0,"147":0,"148":0,"149":0,"150":0,"151":0,"152":0,"153":0,"154":0,"155":1,"156":3,"157":3,"158":3,"159":3,"160":3,"161":0,"162":3,"163":3,"164":0,"165":0,"166":1,"167":1,"168":1,"169":1,"170":1,"171":1,"172":0,"173":0,"174":0,"175":0,"176":0,"177":0,"178":0,"179":0,"180":0,"181":0,"182":0,"183":0,"184":0,"185":0,"186":0,"187":0,"188":0,"189":0,"190":0,"191":0,"192":0,"193":0,"194":1,"195":1,"196":1,"197":1,"198":1,"199":1,"200":0,"201":0,"202":0,"203":1,"204":1,"205":1,"206":1,"207":0,"208":0,"209":1,"210":0,"211":0,"212":0,"213":0,"214":0,"215":0,"216":0,"217":0,"218":0,"219":0,"220":0,"221":0,"222":0,"223":0,"224":1,"225":0,"226":0,"227":0,"228":0,"229":0,"230":0,"231":0,"232":1,"233":0,"234":0,"235":0,"236":0,"237":0,"238":0,"239":0,"240":0,"241":0,"242":0,"243":0,"244":1,"245":0,"246":0,"247":0,"248":0,"249":0,"250":0,"251":0,"252":0,"253":1,"254":0,"255":0,"256":0,"257":0,"258":0,"259":0,"260":0,"261":0,"262":1,"263":0,"264":0,"265":0,"266":0,"267":0,"268":0,"269":0,"270":0,"271":0,"272":1,"273":0,"274":0,"275":0,"276":0,"277":0,"278":0,"279":0,"280":0,"281":0,"282":0,"283":0,"284":0,"285":1,"286":0,"287":0,"288":0,"289":0,"290":0,"291":0,"292":0,"293":0,"294":1,"295":1,"296":1,"297":1,"298":0,"299":1,"300":1,"301":1,"302":1,"303":0},"f":{"0":3,"1":3,"2":3,"3":0,"4":1,"5":0,"6":4,"7":1,"8":1,"9":1,"10":1,"11":5,"12":4,"13":1,"14":1,"15":1,"16":1,"17":1,"18":0,"19":0,"20":0,"21":0,"22":3,"23":1,"24":1,"25":1,"26":0,"27":0,"28":0,"29":0,"30":0,"31":0,"32":0,"33":0,"34":0,"35":0,"36":1,"37":1,"38":1,"39":0},"b":{"0":[0,3],"1":[0,3],"2":[3,0],"3":[3,3],"4":[1,0],"5":[4,0],"6":[2,2],"7":[0,1],"8":[1,1,1,1],"9":[1,0],"10":[0,1],"11":[1,0],"12":[1,1],"13":[0,1],"14":[0,0],"15":[0,0],"16":[0,3],"17":[3,3],"18":[1,0],"19":[0,0,0,0],"20":[0,0],"21":[0,0],"22":[0,0],"23":[1,0],"24":[0,0],"25":[0,0],"26":[0,0],"27":[0,0],"28":[0,0],"29":[0,0],"30":[0,0],"31":[0,0],"32":[0,0]},"_coverageSchema":"1a1c01bbd47fc00a2c39e90264f33305004495a9","hash":"7b77d2501ed0e2f3df2f66e08b2692a76ed025d6"}
,"C:\\Local\\Project\\New folder (2)\\new_service_provisioning_system\\server\\models\\Archive.js": {"path":"C:\\Local\\Project\\New folder (2)\\new_service_provisioning_system\\server\\models\\Archive.js","statementMap":{"0":{"start":{"line":4,"column":16},"end":{"line":27,"column":2}}},"fnMap":{},"branchMap":{},"s":{"0":1},"f":{},"b":{},"_coverageSchema":"1a1c01bbd47fc00a2c39e90264f33305004495a9","hash":"ac184588453534e652518c467fd984a8b9b8bd42"}
,"C:\\Local\\Project\\New folder (2)\\new_service_provisioning_system\\server\\models\\CustomerService.js": {"path":"C:\\Local\\Project\\New folder (2)\\new_service_provisioning_system\\server\\models\\CustomerService.js","statementMap":{"0":{"start":{"line":6,"column":24},"end":{"line":33,"column":2}},"1":{"start":{"line":36,"column":0},"end":{"line":36,"column":61}},"2":{"start":{"line":37,"column":0},"end":{"line":37,"column":63}},"3":{"start":{"line":39,"column":0},"end":{"line":39,"column":63}},"4":{"start":{"line":40,"column":0},"end":{"line":40,"column":65}}},"fnMap":{},"branchMap":{},"s":{"0":1,"1":1,"2":1,"3":1,"4":1},"f":{},"b":{},"_coverageSchema":"1a1c01bbd47fc00a2c39e90264f33305004495a9","hash":"df8fb734d76690729c7130444c3fa18f255d8f5c"}
,"C:\\Local\\Project\\New folder (2)\\new_service_provisioning_system\\server\\models\\Plan.js": {"path":"C:\\Local\\Project\\New folder (2)\\new_service_provisioning_system\\server\\models\\Plan.js","statementMap":{"0":{"start":{"line":5,"column":13},"end":{"line":14,"column":2}},"1":{"start":{"line":17,"column":0},"end":{"line":17,"column":52}},"2":{"start":{"line":18,"column":0},"end":{"line":18,"column":54}}},"fnMap":{},"branchMap":{},"s":{"0":1,"1":1,"2":1},"f":{},"b":{},"_coverageSchema":"1a1c01bbd47fc00a2c39e90264f33305004495a9","hash":"7ae2430d125d4e10d45b0dd9497fe5fbbe4c9d10"}
,"C:\\Local\\Project\\New folder (2)\\new_service_provisioning_system\\server\\models\\Request.js": {"path":"C:\\Local\\Project\\New folder (2)\\new_service_provisioning_system\\server\\models\\Request.js","statementMap":{"0":{"start":{"line":7,"column":16},"end":{"line":42,"column":2}},"1":{"start":{"line":45,"column":0},"end":{"line":45,"column":53}},"2":{"start":{"line":46,"column":0},"end":{"line":46,"column":55}},"3":{"start":{"line":48,"column":0},"end":{"line":48,"column":55}},"4":{"start":{"line":49,"column":0},"end":{"line":49,"column":57}}},"fnMap":{},"branchMap":{},"s":{"0":1,"1":1,"2":1,"3":1,"4":1},"f":{},"b":{},"_coverageSchema":"1a1c01bbd47fc00a2c39e90264f33305004495a9","hash":"39555e72e4a006e648dc46c98cd1672cc8b3eec8"}
,"C:\\Local\\Project\\New folder (2)\\new_service_provisioning_system\\server\\models\\Service.js": {"path":"C:\\Local\\Project\\New folder (2)\\new_service_provisioning_system\\server\\models\\Service.js","statementMap":{"0":{"start":{"line":4,"column":16},"end":{"line":11,"column":2}}},"fnMap":{},"branchMap":{},"s":{"0":1},"f":{},"b":{},"_coverageSchema":"1a1c01bbd47fc00a2c39e90264f33305004495a9","hash":"5c24c65208f910bd5075a35a0f0de715f039e7bf"}
,"C:\\Local\\Project\\New folder (2)\\new_service_provisioning_system\\server\\models\\User.js": {"path":"C:\\Local\\Project\\New folder (2)\\new_service_provisioning_system\\server\\models\\User.js","statementMap":{"0":{"start":{"line":4,"column":13},"end":{"line":25,"column":2}}},"fnMap":{},"branchMap":{},"s":{"0":1},"f":{},"b":{},"_coverageSchema":"1a1c01bbd47fc00a2c39e90264f33305004495a9","hash":"265c83021e0b4a32ebc0b2ab2dce7643ae2e03fc"}
,"C:\\Local\\Project\\New folder (2)\\new_service_provisioning_system\\server\\models\\index.js": {"path":"C:\\Local\\Project\\New folder (2)\\new_service_provisioning_system\\server\\models\\index.js","statementMap":{"0":{"start":{"line":9,"column":0},"end":{"line":9,"column":85}},"1":{"start":{"line":10,"column":0},"end":{"line":10,"column":84}}},"fnMap":{},"branchMap":{},"s":{"0":1,"1":1},"f":{},"b":{},"_coverageSchema":"1a1c01bbd47fc00a2c39e90264f33305004495a9","hash":"e5b6b5bc60d60e8c4d1fccfa383f06ed1325bce8"}
}
