{"C:\\Local\\Project\\New folder (2)\\new_service_provisioning_system\\server\\sequelize.js": {"path":"C:\\Local\\Project\\New folder (2)\\new_service_provisioning_system\\server\\sequelize.js","statementMap":{"0":{"start":{"line":4,"column":18},"end":{"line":7,"column":2}}},"fnMap":{},"branchMap":{},"s":{"0":1},"f":{},"b":{},"_coverageSchema":"1a1c01bbd47fc00a2c39e90264f33305004495a9","hash":"7806ad72d21d253e9566e8b1e8991421c69128e8"}
,"C:\\Local\\Project\\New folder (2)\\new_service_provisioning_system\\server\\server.js": {"path":"C:\\Local\\Project\\New folder (2)\\new_service_provisioning_system\\server\\server.js","statementMap":{"0":{"start":{"line":19,"column":19},"end":{"line":19,"column":21}},"1":{"start":{"line":20,"column":12},"end":{"line":20,"column":21}},"2":{"start":{"line":22,"column":0},"end":{"line":22,"column":24}},"3":{"start":{"line":23,"column":0},"end":{"line":29,"column":2}},"4":{"start":{"line":30,"column":0},"end":{"line":30,"column":24}},"5":{"start":{"line":32,"column":20},"end":{"line":32,"column":48}},"6":{"start":{"line":33,"column":0},"end":{"line":33,"column":68}},"7":{"start":{"line":36,"column":19},"end":{"line":55,"column":1}},"8":{"start":{"line":37,"column":16},"end":{"line":37,"column":33}},"9":{"start":{"line":38,"column":2},"end":{"line":54,"column":3}},"10":{"start":{"line":39,"column":4},"end":{"line":42,"column":7}},"11":{"start":{"line":44,"column":4},"end":{"line":53,"column":7}},"12":{"start":{"line":45,"column":6},"end":{"line":52,"column":7}},"13":{"start":{"line":46,"column":8},"end":{"line":46,"column":56}},"14":{"start":{"line":48,"column":8},"end":{"line":48,"column":47}},"15":{"start":{"line":49,"column":8},"end":{"line":49,"column":32}},"16":{"start":{"line":50,"column":8},"end":{"line":50,"column":32}},"17":{"start":{"line":51,"column":8},"end":{"line":51,"column":15}},"18":{"start":{"line":58,"column":20},"end":{"line":73,"column":1}},"19":{"start":{"line":59,"column":2},"end":{"line":72,"column":3}},"20":{"start":{"line":60,"column":4},"end":{"line":60,"column":51}},"21":{"start":{"line":61,"column":17},"end":{"line":61,"column":48}},"22":{"start":{"line":62,"column":4},"end":{"line":62,"column":39}},"23":{"start":{"line":63,"column":4},"end":{"line":68,"column":5}},"24":{"start":{"line":64,"column":6},"end":{"line":64,"column":13}},"25":{"start":{"line":66,"column":6},"end":{"line":66,"column":59}},"26":{"start":{"line":67,"column":6},"end":{"line":67,"column":75}},"27":{"start":{"line":70,"column":4},"end":{"line":70,"column":49}},"28":{"start":{"line":71,"column":4},"end":{"line":71,"column":59}},"29":{"start":{"line":97,"column":0},"end":{"line":102,"column":3}},"30":{"start":{"line":98,"column":2},"end":{"line":101,"column":5}},"31":{"start":{"line":134,"column":0},"end":{"line":150,"column":3}},"32":{"start":{"line":135,"column":2},"end":{"line":149,"column":3}},"33":{"start":{"line":136,"column":22},"end":{"line":139,"column":6}},"34":{"start":{"line":141,"column":4},"end":{"line":145,"column":5}},"35":{"start":{"line":142,"column":6},"end":{"line":142,"column":33}},"36":{"start":{"line":144,"column":6},"end":{"line":144,"column":67}},"37":{"start":{"line":147,"column":4},"end":{"line":147,"column":52}},"38":{"start":{"line":148,"column":4},"end":{"line":148,"column":59}},"39":{"start":{"line":184,"column":0},"end":{"line":198,"column":3}},"40":{"start":{"line":185,"column":2},"end":{"line":197,"column":3}},"41":{"start":{"line":186,"column":17},"end":{"line":186,"column":65}},"42":{"start":{"line":187,"column":4},"end":{"line":192,"column":7}},"43":{"start":{"line":193,"column":4},"end":{"line":193,"column":43}},"44":{"start":{"line":195,"column":4},"end":{"line":195,"column":58}},"45":{"start":{"line":196,"column":4},"end":{"line":196,"column":65}},"46":{"start":{"line":238,"column":0},"end":{"line":264,"column":3}},"47":{"start":{"line":239,"column":2},"end":{"line":263,"column":3}},"48":{"start":{"line":240,"column":17},"end":{"line":240,"column":73}},"49":{"start":{"line":241,"column":4},"end":{"line":260,"column":5}},"50":{"start":{"line":242,"column":30},"end":{"line":245,"column":7}},"51":{"start":{"line":246,"column":6},"end":{"line":257,"column":7}},"52":{"start":{"line":247,"column":22},"end":{"line":251,"column":9}},"53":{"start":{"line":252,"column":8},"end":{"line":252,"column":35}},"54":{"start":{"line":253,"column":8},"end":{"line":253,"column":29}},"55":{"start":{"line":254,"column":8},"end":{"line":254,"column":77}},"56":{"start":{"line":256,"column":8},"end":{"line":256,"column":57}},"57":{"start":{"line":259,"column":6},"end":{"line":259,"column":54}},"58":{"start":{"line":262,"column":4},"end":{"line":262,"column":56}},"59":{"start":{"line":304,"column":0},"end":{"line":340,"column":3}},"60":{"start":{"line":305,"column":2},"end":{"line":339,"column":3}},"61":{"start":{"line":306,"column":36},"end":{"line":306,"column":44}},"62":{"start":{"line":309,"column":4},"end":{"line":316,"column":5}},"63":{"start":{"line":315,"column":6},"end":{"line":315,"column":70}},"64":{"start":{"line":319,"column":4},"end":{"line":319,"column":42}},"65":{"start":{"line":322,"column":20},"end":{"line":324,"column":6}},"66":{"start":{"line":327,"column":25},"end":{"line":331,"column":7}},"67":{"start":{"line":327,"column":46},"end":{"line":331,"column":5}},"68":{"start":{"line":333,"column":4},"end":{"line":333,"column":40}},"69":{"start":{"line":335,"column":4},"end":{"line":335,"column":64}},"70":{"start":{"line":337,"column":4},"end":{"line":337,"column":50}},"71":{"start":{"line":338,"column":4},"end":{"line":338,"column":69}},"72":{"start":{"line":367,"column":0},"end":{"line":379,"column":3}},"73":{"start":{"line":368,"column":2},"end":{"line":378,"column":3}},"74":{"start":{"line":369,"column":29},"end":{"line":369,"column":38}},"75":{"start":{"line":370,"column":28},"end":{"line":370,"column":78}},"76":{"start":{"line":371,"column":4},"end":{"line":373,"column":5}},"77":{"start":{"line":372,"column":6},"end":{"line":372,"column":40}},"78":{"start":{"line":374,"column":4},"end":{"line":374,"column":39}},"79":{"start":{"line":376,"column":4},"end":{"line":376,"column":55}},"80":{"start":{"line":377,"column":4},"end":{"line":377,"column":59}},"81":{"start":{"line":400,"column":0},"end":{"line":427,"column":3}},"82":{"start":{"line":401,"column":2},"end":{"line":426,"column":3}},"83":{"start":{"line":402,"column":21},"end":{"line":407,"column":6}},"84":{"start":{"line":410,"column":30},"end":{"line":420,"column":7}},"85":{"start":{"line":410,"column":57},"end":{"line":420,"column":5}},"86":{"start":{"line":414,"column":24},"end":{"line":417,"column":9}},"87":{"start":{"line":422,"column":4},"end":{"line":422,"column":32}},"88":{"start":{"line":424,"column":4},"end":{"line":424,"column":51}},"89":{"start":{"line":425,"column":4},"end":{"line":425,"column":52}},"90":{"start":{"line":445,"column":0},"end":{"line":448,"column":3}},"91":{"start":{"line":446,"column":2},"end":{"line":446,"column":27}},"92":{"start":{"line":447,"column":2},"end":{"line":447,"column":41}},"93":{"start":{"line":508,"column":0},"end":{"line":538,"column":3}},"94":{"start":{"line":509,"column":2},"end":{"line":537,"column":3}},"95":{"start":{"line":510,"column":19},"end":{"line":510,"column":29}},"96":{"start":{"line":511,"column":22},"end":{"line":511,"column":30}},"97":{"start":{"line":512,"column":20},"end":{"line":512,"column":46}},"98":{"start":{"line":513,"column":4},"end":{"line":515,"column":5}},"99":{"start":{"line":514,"column":6},"end":{"line":514,"column":66}},"100":{"start":{"line":517,"column":4},"end":{"line":531,"column":5}},"101":{"start":{"line":518,"column":6},"end":{"line":518,"column":56}},"102":{"start":{"line":519,"column":6},"end":{"line":519,"column":44}},"103":{"start":{"line":522,"column":27},"end":{"line":526,"column":9}},"104":{"start":{"line":522,"column":48},"end":{"line":526,"column":7}},"105":{"start":{"line":528,"column":6},"end":{"line":528,"column":46}},"106":{"start":{"line":529,"column":6},"end":{"line":529,"column":42}},"107":{"start":{"line":530,"column":6},"end":{"line":530,"column":39}},"108":{"start":{"line":533,"column":4},"end":{"line":533,"column":70}},"109":{"start":{"line":535,"column":4},"end":{"line":535,"column":56}},"110":{"start":{"line":536,"column":4},"end":{"line":536,"column":75}},"111":{"start":{"line":566,"column":0},"end":{"line":582,"column":3}},"112":{"start":{"line":567,"column":2},"end":{"line":581,"column":3}},"113":{"start":{"line":568,"column":19},"end":{"line":568,"column":29}},"114":{"start":{"line":570,"column":20},"end":{"line":570,"column":46}},"115":{"start":{"line":571,"column":4},"end":{"line":573,"column":5}},"116":{"start":{"line":572,"column":6},"end":{"line":572,"column":66}},"117":{"start":{"line":575,"column":4},"end":{"line":575,"column":54}},"118":{"start":{"line":576,"column":4},"end":{"line":576,"column":28}},"119":{"start":{"line":578,"column":4},"end":{"line":578,"column":64}},"120":{"start":{"line":580,"column":4},"end":{"line":580,"column":69}},"121":{"start":{"line":603,"column":0},"end":{"line":611,"column":3}},"122":{"start":{"line":604,"column":2},"end":{"line":610,"column":3}},"123":{"start":{"line":605,"column":21},"end":{"line":605,"column":44}},"124":{"start":{"line":606,"column":4},"end":{"line":606,"column":23}},"125":{"start":{"line":608,"column":4},"end":{"line":608,"column":51}},"126":{"start":{"line":609,"column":4},"end":{"line":609,"column":64}},"127":{"start":{"line":637,"column":0},"end":{"line":660,"column":3}},"128":{"start":{"line":638,"column":2},"end":{"line":659,"column":3}},"129":{"start":{"line":639,"column":28},"end":{"line":639,"column":38}},"130":{"start":{"line":641,"column":29},"end":{"line":647,"column":6}},"131":{"start":{"line":650,"column":21},"end":{"line":653,"column":7}},"132":{"start":{"line":650,"column":51},"end":{"line":653,"column":5}},"133":{"start":{"line":655,"column":4},"end":{"line":655,"column":23}},"134":{"start":{"line":657,"column":4},"end":{"line":657,"column":67}},"135":{"start":{"line":658,"column":4},"end":{"line":658,"column":61}},"136":{"start":{"line":700,"column":0},"end":{"line":708,"column":3}},"137":{"start":{"line":701,"column":2},"end":{"line":707,"column":3}},"138":{"start":{"line":702,"column":18},"end":{"line":702,"column":38}},"139":{"start":{"line":703,"column":4},"end":{"line":703,"column":20}},"140":{"start":{"line":705,"column":4},"end":{"line":705,"column":48}},"141":{"start":{"line":706,"column":4},"end":{"line":706,"column":61}},"142":{"start":{"line":772,"column":0},"end":{"line":804,"column":3}},"143":{"start":{"line":773,"column":2},"end":{"line":803,"column":3}},"144":{"start":{"line":774,"column":46},"end":{"line":774,"column":54}},"145":{"start":{"line":777,"column":20},"end":{"line":777,"column":54}},"146":{"start":{"line":778,"column":25},"end":{"line":783,"column":6}},"147":{"start":{"line":784,"column":4},"end":{"line":784,"column":30}},"148":{"start":{"line":785,"column":4},"end":{"line":787,"column":5}},"149":{"start":{"line":786,"column":6},"end":{"line":786,"column":74}},"150":{"start":{"line":789,"column":4},"end":{"line":794,"column":7}},"151":{"start":{"line":796,"column":4},"end":{"line":799,"column":7}},"152":{"start":{"line":801,"column":4},"end":{"line":801,"column":51}},"153":{"start":{"line":802,"column":4},"end":{"line":802,"column":70}},"154":{"start":{"line":896,"column":0},"end":{"line":929,"column":3}},"155":{"start":{"line":897,"column":2},"end":{"line":928,"column":3}},"156":{"start":{"line":898,"column":60},"end":{"line":898,"column":68}},"157":{"start":{"line":900,"column":20},"end":{"line":900,"column":54}},"158":{"start":{"line":901,"column":25},"end":{"line":907,"column":6}},"159":{"start":{"line":908,"column":4},"end":{"line":910,"column":5}},"160":{"start":{"line":909,"column":6},"end":{"line":909,"column":74}},"161":{"start":{"line":912,"column":23},"end":{"line":918,"column":6}},"162":{"start":{"line":920,"column":4},"end":{"line":924,"column":7}},"163":{"start":{"line":926,"column":4},"end":{"line":926,"column":50}},"164":{"start":{"line":927,"column":4},"end":{"line":927,"column":69}},"165":{"start":{"line":996,"column":0},"end":{"line":1092,"column":3}},"166":{"start":{"line":997,"column":2},"end":{"line":1091,"column":3}},"167":{"start":{"line":998,"column":22},"end":{"line":998,"column":35}},"168":{"start":{"line":1000,"column":20},"end":{"line":1000,"column":53}},"169":{"start":{"line":1002,"column":4},"end":{"line":1004,"column":5}},"170":{"start":{"line":1003,"column":6},"end":{"line":1003,"column":66}},"171":{"start":{"line":1008,"column":4},"end":{"line":1087,"column":5}},"172":{"start":{"line":1010,"column":8},"end":{"line":1018,"column":10}},"173":{"start":{"line":1020,"column":8},"end":{"line":1030,"column":9}},"174":{"start":{"line":1021,"column":10},"end":{"line":1021,"column":62}},"175":{"start":{"line":1022,"column":10},"end":{"line":1025,"column":13}},"176":{"start":{"line":1027,"column":10},"end":{"line":1029,"column":64}},"177":{"start":{"line":1033,"column":24},"end":{"line":1038,"column":10}},"178":{"start":{"line":1039,"column":21},"end":{"line":1039,"column":79}},"179":{"start":{"line":1041,"column":8},"end":{"line":1045,"column":9}},"180":{"start":{"line":1042,"column":10},"end":{"line":1044,"column":68}},"181":{"start":{"line":1047,"column":8},"end":{"line":1049,"column":9}},"182":{"start":{"line":1048,"column":10},"end":{"line":1048,"column":74}},"183":{"start":{"line":1050,"column":8},"end":{"line":1055,"column":11}},"184":{"start":{"line":1056,"column":8},"end":{"line":1063,"column":11}},"185":{"start":{"line":1065,"column":8},"end":{"line":1065,"column":60}},"186":{"start":{"line":1066,"column":8},"end":{"line":1069,"column":11}},"187":{"start":{"line":1072,"column":8},"end":{"line":1077,"column":11}},"188":{"start":{"line":1079,"column":8},"end":{"line":1079,"column":60}},"189":{"start":{"line":1080,"column":8},"end":{"line":1083,"column":11}},"190":{"start":{"line":1086,"column":8},"end":{"line":1086,"column":71}},"191":{"start":{"line":1089,"column":4},"end":{"line":1089,"column":51}},"192":{"start":{"line":1090,"column":4},"end":{"line":1090,"column":70}},"193":{"start":{"line":1145,"column":0},"end":{"line":1158,"column":3}},"194":{"start":{"line":1146,"column":2},"end":{"line":1157,"column":3}},"195":{"start":{"line":1147,"column":15},"end":{"line":1147,"column":28}},"196":{"start":{"line":1148,"column":19},"end":{"line":1148,"column":59}},"197":{"start":{"line":1149,"column":4},"end":{"line":1153,"column":5}},"198":{"start":{"line":1150,"column":6},"end":{"line":1150,"column":59}},"199":{"start":{"line":1152,"column":6},"end":{"line":1152,"column":60}},"200":{"start":{"line":1155,"column":4},"end":{"line":1155,"column":52}},"201":{"start":{"line":1156,"column":4},"end":{"line":1156,"column":65}},"202":{"start":{"line":1205,"column":0},"end":{"line":1213,"column":3}},"203":{"start":{"line":1206,"column":2},"end":{"line":1212,"column":3}},"204":{"start":{"line":1207,"column":21},"end":{"line":1207,"column":44}},"205":{"start":{"line":1208,"column":4},"end":{"line":1208,"column":30}},"206":{"start":{"line":1210,"column":4},"end":{"line":1210,"column":51}},"207":{"start":{"line":1211,"column":4},"end":{"line":1211,"column":70}},"208":{"start":{"line":1266,"column":0},"end":{"line":1303,"column":3}},"209":{"start":{"line":1267,"column":2},"end":{"line":1302,"column":3}},"210":{"start":{"line":1268,"column":19},"end":{"line":1268,"column":29}},"211":{"start":{"line":1271,"column":29},"end":{"line":1273,"column":6}},"212":{"start":{"line":1274,"column":21},"end":{"line":1274,"column":44}},"213":{"start":{"line":1275,"column":4},"end":{"line":1277,"column":5}},"214":{"start":{"line":1276,"column":6},"end":{"line":1276,"column":67}},"215":{"start":{"line":1278,"column":25},"end":{"line":1278,"column":38}},"216":{"start":{"line":1280,"column":4},"end":{"line":1290,"column":6}},"217":{"start":{"line":1282,"column":8},"end":{"line":1288,"column":10}},"218":{"start":{"line":1293,"column":4},"end":{"line":1293,"column":42}},"219":{"start":{"line":1296,"column":4},"end":{"line":1296,"column":66}},"220":{"start":{"line":1298,"column":4},"end":{"line":1298,"column":58}},"221":{"start":{"line":1300,"column":4},"end":{"line":1300,"column":51}},"222":{"start":{"line":1301,"column":4},"end":{"line":1301,"column":52}},"223":{"start":{"line":1357,"column":0},"end":{"line":1373,"column":3}},"224":{"start":{"line":1358,"column":2},"end":{"line":1372,"column":3}},"225":{"start":{"line":1359,"column":22},"end":{"line":1362,"column":6}},"226":{"start":{"line":1364,"column":4},"end":{"line":1368,"column":5}},"227":{"start":{"line":1365,"column":6},"end":{"line":1365,"column":33}},"228":{"start":{"line":1367,"column":6},"end":{"line":1367,"column":67}},"229":{"start":{"line":1370,"column":4},"end":{"line":1370,"column":52}},"230":{"start":{"line":1371,"column":4},"end":{"line":1371,"column":59}},"231":{"start":{"line":1450,"column":0},"end":{"line":1491,"column":3}},"232":{"start":{"line":1451,"column":2},"end":{"line":1490,"column":3}},"233":{"start":{"line":1452,"column":28},"end":{"line":1452,"column":38}},"234":{"start":{"line":1454,"column":21},"end":{"line":1457,"column":6}},"235":{"start":{"line":1459,"column":4},"end":{"line":1461,"column":5}},"236":{"start":{"line":1460,"column":6},"end":{"line":1460,"column":67}},"237":{"start":{"line":1463,"column":21},"end":{"line":1472,"column":6}},"238":{"start":{"line":1474,"column":25},"end":{"line":1484,"column":5}},"239":{"start":{"line":1478,"column":52},"end":{"line":1483,"column":7}},"240":{"start":{"line":1486,"column":4},"end":{"line":1486,"column":34}},"241":{"start":{"line":1488,"column":4},"end":{"line":1488,"column":59}},"242":{"start":{"line":1489,"column":4},"end":{"line":1489,"column":78}},"243":{"start":{"line":1549,"column":0},"end":{"line":1567,"column":2}},"244":{"start":{"line":1552,"column":40},"end":{"line":1552,"column":50}},"245":{"start":{"line":1553,"column":4},"end":{"line":1565,"column":5}},"246":{"start":{"line":1554,"column":30},"end":{"line":1556,"column":8}},"247":{"start":{"line":1557,"column":6},"end":{"line":1561,"column":7}},"248":{"start":{"line":1558,"column":8},"end":{"line":1558,"column":59}},"249":{"start":{"line":1560,"column":8},"end":{"line":1560,"column":79}},"250":{"start":{"line":1563,"column":6},"end":{"line":1563,"column":59}},"251":{"start":{"line":1564,"column":6},"end":{"line":1564,"column":70}},"252":{"start":{"line":1634,"column":0},"end":{"line":1651,"column":3}},"253":{"start":{"line":1635,"column":58},"end":{"line":1635,"column":66}},"254":{"start":{"line":1636,"column":2},"end":{"line":1650,"column":3}},"255":{"start":{"line":1637,"column":22},"end":{"line":1640,"column":5}},"256":{"start":{"line":1642,"column":4},"end":{"line":1646,"column":5}},"257":{"start":{"line":1643,"column":6},"end":{"line":1643,"column":38}},"258":{"start":{"line":1645,"column":6},"end":{"line":1645,"column":73}},"259":{"start":{"line":1648,"column":4},"end":{"line":1648,"column":57}},"260":{"start":{"line":1649,"column":4},"end":{"line":1649,"column":69}},"261":{"start":{"line":1707,"column":0},"end":{"line":1730,"column":3}},"262":{"start":{"line":1708,"column":2},"end":{"line":1729,"column":3}},"263":{"start":{"line":1709,"column":34},"end":{"line":1709,"column":44}},"264":{"start":{"line":1712,"column":17},"end":{"line":1714,"column":6}},"265":{"start":{"line":1716,"column":4},"end":{"line":1716,"column":39}},"266":{"start":{"line":1718,"column":4},"end":{"line":1722,"column":5}},"267":{"start":{"line":1719,"column":6},"end":{"line":1721,"column":71}},"268":{"start":{"line":1725,"column":4},"end":{"line":1725,"column":42}},"269":{"start":{"line":1727,"column":4},"end":{"line":1727,"column":56}},"270":{"start":{"line":1728,"column":4},"end":{"line":1728,"column":63}},"271":{"start":{"line":1780,"column":0},"end":{"line":1813,"column":3}},"272":{"start":{"line":1781,"column":2},"end":{"line":1812,"column":3}},"273":{"start":{"line":1782,"column":40},"end":{"line":1782,"column":48}},"274":{"start":{"line":1785,"column":20},"end":{"line":1787,"column":6}},"275":{"start":{"line":1788,"column":17},"end":{"line":1788,"column":67}},"276":{"start":{"line":1789,"column":4},"end":{"line":1793,"column":5}},"277":{"start":{"line":1790,"column":6},"end":{"line":1792,"column":64}},"278":{"start":{"line":1794,"column":4},"end":{"line":1796,"column":5}},"279":{"start":{"line":1795,"column":6},"end":{"line":1795,"column":79}},"280":{"start":{"line":1800,"column":4},"end":{"line":1806,"column":7}},"281":{"start":{"line":1808,"column":4},"end":{"line":1808,"column":65}},"282":{"start":{"line":1810,"column":4},"end":{"line":1810,"column":51}},"283":{"start":{"line":1811,"column":4},"end":{"line":1811,"column":70}},"284":{"start":{"line":1848,"column":0},"end":{"line":1866,"column":3}},"285":{"start":{"line":1849,"column":2},"end":{"line":1865,"column":3}},"286":{"start":{"line":1850,"column":27},"end":{"line":1850,"column":37}},"287":{"start":{"line":1853,"column":20},"end":{"line":1855,"column":6}},"288":{"start":{"line":1857,"column":4},"end":{"line":1861,"column":5}},"289":{"start":{"line":1858,"column":6},"end":{"line":1858,"column":66}},"290":{"start":{"line":1860,"column":6},"end":{"line":1860,"column":66}},"291":{"start":{"line":1863,"column":4},"end":{"line":1863,"column":50}},"292":{"start":{"line":1864,"column":4},"end":{"line":1864,"column":69}},"293":{"start":{"line":1913,"column":0},"end":{"line":1920,"column":3}},"294":{"start":{"line":1914,"column":2},"end":{"line":1919,"column":3}},"295":{"start":{"line":1915,"column":21},"end":{"line":1915,"column":44}},"296":{"start":{"line":1916,"column":4},"end":{"line":1916,"column":23}},"297":{"start":{"line":1918,"column":4},"end":{"line":1918,"column":68}},"298":{"start":{"line":1922,"column":0},"end":{"line":1932,"column":3}},"299":{"start":{"line":1923,"column":2},"end":{"line":1923,"column":41}},"300":{"start":{"line":1926,"column":2},"end":{"line":1931,"column":66}},"301":{"start":{"line":1929,"column":6},"end":{"line":1929,"column":48}},"302":{"start":{"line":1931,"column":20},"end":{"line":1931,"column":64}},"303":{"start":{"line":1934,"column":0},"end":{"line":1934,"column":21}}},"fnMap":{"0":{"name":"(anonymous_0)","decl":{"start":{"line":36,"column":19},"end":{"line":36,"column":20}},"loc":{"start":{"line":36,"column":39},"end":{"line":55,"column":1}},"line":36},"1":{"name":"(anonymous_1)","decl":{"start":{"line":44,"column":40},"end":{"line":44,"column":41}},"loc":{"start":{"line":44,"column":58},"end":{"line":53,"column":5}},"line":44},"2":{"name":"(anonymous_2)","decl":{"start":{"line":58,"column":20},"end":{"line":58,"column":21}},"loc":{"start":{"line":58,"column":46},"end":{"line":73,"column":1}},"line":58},"3":{"name":"(anonymous_3)","decl":{"start":{"line":97,"column":25},"end":{"line":97,"column":26}},"loc":{"start":{"line":97,"column":39},"end":{"line":102,"column":1}},"line":97},"4":{"name":"(anonymous_4)","decl":{"start":{"line":134,"column":47},"end":{"line":134,"column":48}},"loc":{"start":{"line":134,"column":67},"end":{"line":150,"column":1}},"line":134},"5":{"name":"(anonymous_5)","decl":{"start":{"line":184,"column":22},"end":{"line":184,"column":23}},"loc":{"start":{"line":184,"column":42},"end":{"line":198,"column":1}},"line":184},"6":{"name":"(anonymous_6)","decl":{"start":{"line":238,"column":19},"end":{"line":238,"column":20}},"loc":{"start":{"line":238,"column":39},"end":{"line":264,"column":1}},"line":238},"7":{"name":"(anonymous_7)","decl":{"start":{"line":304,"column":52},"end":{"line":304,"column":53}},"loc":{"start":{"line":304,"column":72},"end":{"line":340,"column":1}},"line":304},"8":{"name":"(anonymous_8)","decl":{"start":{"line":327,"column":35},"end":{"line":327,"column":36}},"loc":{"start":{"line":327,"column":46},"end":{"line":331,"column":5}},"line":327},"9":{"name":"(anonymous_9)","decl":{"start":{"line":367,"column":25},"end":{"line":367,"column":26}},"loc":{"start":{"line":367,"column":45},"end":{"line":379,"column":1}},"line":367},"10":{"name":"(anonymous_10)","decl":{"start":{"line":400,"column":24},"end":{"line":400,"column":25}},"loc":{"start":{"line":400,"column":44},"end":{"line":427,"column":1}},"line":400},"11":{"name":"(anonymous_11)","decl":{"start":{"line":410,"column":43},"end":{"line":410,"column":44}},"loc":{"start":{"line":410,"column":57},"end":{"line":420,"column":5}},"line":410},"12":{"name":"(anonymous_12)","decl":{"start":{"line":414,"column":8},"end":{"line":414,"column":9}},"loc":{"start":{"line":414,"column":24},"end":{"line":417,"column":9}},"line":414},"13":{"name":"(anonymous_13)","decl":{"start":{"line":445,"column":19},"end":{"line":445,"column":20}},"loc":{"start":{"line":445,"column":33},"end":{"line":448,"column":1}},"line":445},"14":{"name":"(anonymous_14)","decl":{"start":{"line":508,"column":30},"end":{"line":508,"column":31}},"loc":{"start":{"line":508,"column":50},"end":{"line":538,"column":1}},"line":508},"15":{"name":"(anonymous_15)","decl":{"start":{"line":522,"column":37},"end":{"line":522,"column":38}},"loc":{"start":{"line":522,"column":48},"end":{"line":526,"column":7}},"line":522},"16":{"name":"(anonymous_16)","decl":{"start":{"line":566,"column":58},"end":{"line":566,"column":59}},"loc":{"start":{"line":566,"column":78},"end":{"line":582,"column":1}},"line":566},"17":{"name":"(anonymous_17)","decl":{"start":{"line":603,"column":21},"end":{"line":603,"column":22}},"loc":{"start":{"line":603,"column":41},"end":{"line":611,"column":1}},"line":603},"18":{"name":"(anonymous_18)","decl":{"start":{"line":637,"column":34},"end":{"line":637,"column":35}},"loc":{"start":{"line":637,"column":54},"end":{"line":660,"column":1}},"line":637},"19":{"name":"(anonymous_19)","decl":{"start":{"line":650,"column":42},"end":{"line":650,"column":43}},"loc":{"start":{"line":650,"column":51},"end":{"line":653,"column":5}},"line":650},"20":{"name":"(anonymous_20)","decl":{"start":{"line":700,"column":18},"end":{"line":700,"column":19}},"loc":{"start":{"line":700,"column":38},"end":{"line":708,"column":1}},"line":700},"21":{"name":"(anonymous_21)","decl":{"start":{"line":772,"column":49},"end":{"line":772,"column":50}},"loc":{"start":{"line":772,"column":69},"end":{"line":804,"column":1}},"line":772},"22":{"name":"(anonymous_22)","decl":{"start":{"line":896,"column":22},"end":{"line":896,"column":23}},"loc":{"start":{"line":896,"column":42},"end":{"line":929,"column":1}},"line":896},"23":{"name":"(anonymous_23)","decl":{"start":{"line":996,"column":33},"end":{"line":996,"column":34}},"loc":{"start":{"line":996,"column":53},"end":{"line":1092,"column":1}},"line":996},"24":{"name":"(anonymous_24)","decl":{"start":{"line":1145,"column":28},"end":{"line":1145,"column":29}},"loc":{"start":{"line":1145,"column":48},"end":{"line":1158,"column":1}},"line":1145},"25":{"name":"(anonymous_25)","decl":{"start":{"line":1205,"column":21},"end":{"line":1205,"column":22}},"loc":{"start":{"line":1205,"column":41},"end":{"line":1213,"column":1}},"line":1205},"26":{"name":"(anonymous_26)","decl":{"start":{"line":1266,"column":53},"end":{"line":1266,"column":54}},"loc":{"start":{"line":1266,"column":73},"end":{"line":1303,"column":1}},"line":1266},"27":{"name":"(anonymous_27)","decl":{"start":{"line":1281,"column":27},"end":{"line":1281,"column":28}},"loc":{"start":{"line":1282,"column":8},"end":{"line":1288,"column":10}},"line":1282},"28":{"name":"(anonymous_28)","decl":{"start":{"line":1357,"column":47},"end":{"line":1357,"column":48}},"loc":{"start":{"line":1357,"column":67},"end":{"line":1373,"column":1}},"line":1357},"29":{"name":"(anonymous_29)","decl":{"start":{"line":1450,"column":34},"end":{"line":1450,"column":35}},"loc":{"start":{"line":1450,"column":54},"end":{"line":1491,"column":1}},"line":1450},"30":{"name":"(anonymous_30)","decl":{"start":{"line":1478,"column":38},"end":{"line":1478,"column":39}},"loc":{"start":{"line":1478,"column":52},"end":{"line":1483,"column":7}},"line":1478},"31":{"name":"(anonymous_31)","decl":{"start":{"line":1551,"column":2},"end":{"line":1551,"column":3}},"loc":{"start":{"line":1551,"column":22},"end":{"line":1566,"column":3}},"line":1551},"32":{"name":"(anonymous_32)","decl":{"start":{"line":1634,"column":36},"end":{"line":1634,"column":37}},"loc":{"start":{"line":1634,"column":56},"end":{"line":1651,"column":1}},"line":1634},"33":{"name":"(anonymous_33)","decl":{"start":{"line":1707,"column":45},"end":{"line":1707,"column":46}},"loc":{"start":{"line":1707,"column":65},"end":{"line":1730,"column":1}},"line":1707},"34":{"name":"(anonymous_34)","decl":{"start":{"line":1780,"column":33},"end":{"line":1780,"column":34}},"loc":{"start":{"line":1780,"column":53},"end":{"line":1813,"column":1}},"line":1780},"35":{"name":"(anonymous_35)","decl":{"start":{"line":1848,"column":57},"end":{"line":1848,"column":58}},"loc":{"start":{"line":1848,"column":77},"end":{"line":1866,"column":1}},"line":1848},"36":{"name":"(anonymous_36)","decl":{"start":{"line":1913,"column":21},"end":{"line":1913,"column":22}},"loc":{"start":{"line":1913,"column":41},"end":{"line":1920,"column":1}},"line":1913},"37":{"name":"(anonymous_37)","decl":{"start":{"line":1922,"column":17},"end":{"line":1922,"column":18}},"loc":{"start":{"line":1922,"column":23},"end":{"line":1932,"column":1}},"line":1922},"38":{"name":"(anonymous_38)","decl":{"start":{"line":1928,"column":10},"end":{"line":1928,"column":11}},"loc":{"start":{"line":1928,"column":16},"end":{"line":1930,"column":5}},"line":1928},"39":{"name":"(anonymous_39)","decl":{"start":{"line":1931,"column":11},"end":{"line":1931,"column":12}},"loc":{"start":{"line":1931,"column":20},"end":{"line":1931,"column":64}},"line":1931}},"branchMap":{"0":{"loc":{"start":{"line":38,"column":2},"end":{"line":54,"column":3}},"type":"if","locations":[{"start":{"line":38,"column":2},"end":{"line":54,"column":3}},{"start":{"line":43,"column":9},"end":{"line":54,"column":3}}],"line":38},"1":{"loc":{"start":{"line":45,"column":6},"end":{"line":52,"column":7}},"type":"if","locations":[{"start":{"line":45,"column":6},"end":{"line":52,"column":7}},{"start":{"line":47,"column":13},"end":{"line":52,"column":7}}],"line":45},"2":{"loc":{"start":{"line":63,"column":4},"end":{"line":68,"column":5}},"type":"if","locations":[{"start":{"line":63,"column":4},"end":{"line":68,"column":5}},{"start":{"line":65,"column":11},"end":{"line":68,"column":5}}],"line":63},"3":{"loc":{"start":{"line":63,"column":8},"end":{"line":63,"column":37}},"type":"binary-expr","locations":[{"start":{"line":63,"column":8},"end":{"line":63,"column":12}},{"start":{"line":63,"column":16},"end":{"line":63,"column":37}}],"line":63},"4":{"loc":{"start":{"line":141,"column":4},"end":{"line":145,"column":5}},"type":"if","locations":[{"start":{"line":141,"column":4},"end":{"line":145,"column":5}},{"start":{"line":143,"column":11},"end":{"line":145,"column":5}}],"line":141},"5":{"loc":{"start":{"line":241,"column":4},"end":{"line":260,"column":5}},"type":"if","locations":[{"start":{"line":241,"column":4},"end":{"line":260,"column":5}},{"start":{"line":258,"column":11},"end":{"line":260,"column":5}}],"line":241},"6":{"loc":{"start":{"line":246,"column":6},"end":{"line":257,"column":7}},"type":"if","locations":[{"start":{"line":246,"column":6},"end":{"line":257,"column":7}},{"start":{"line":255,"column":13},"end":{"line":257,"column":7}}],"line":246},"7":{"loc":{"start":{"line":309,"column":4},"end":{"line":316,"column":5}},"type":"if","locations":[{"start":{"line":309,"column":4},"end":{"line":316,"column":5}},{"start":{},"end":{}}],"line":309},"8":{"loc":{"start":{"line":310,"column":6},"end":{"line":313,"column":24}},"type":"binary-expr","locations":[{"start":{"line":310,"column":6},"end":{"line":310,"column":19}},{"start":{"line":311,"column":6},"end":{"line":311,"column":12}},{"start":{"line":312,"column":6},"end":{"line":312,"column":27}},{"start":{"line":313,"column":6},"end":{"line":313,"column":24}}],"line":310},"9":{"loc":{"start":{"line":371,"column":4},"end":{"line":373,"column":5}},"type":"if","locations":[{"start":{"line":371,"column":4},"end":{"line":373,"column":5}},{"start":{},"end":{}}],"line":371},"10":{"loc":{"start":{"line":513,"column":4},"end":{"line":515,"column":5}},"type":"if","locations":[{"start":{"line":513,"column":4},"end":{"line":515,"column":5}},{"start":{},"end":{}}],"line":513},"11":{"loc":{"start":{"line":517,"column":4},"end":{"line":531,"column":5}},"type":"if","locations":[{"start":{"line":517,"column":4},"end":{"line":531,"column":5}},{"start":{},"end":{}}],"line":517},"12":{"loc":{"start":{"line":517,"column":8},"end":{"line":517,"column":37}},"type":"binary-expr","locations":[{"start":{"line":517,"column":8},"end":{"line":517,"column":13}},{"start":{"line":517,"column":17},"end":{"line":517,"column":37}}],"line":517},"13":{"loc":{"start":{"line":571,"column":4},"end":{"line":573,"column":5}},"type":"if","locations":[{"start":{"line":571,"column":4},"end":{"line":573,"column":5}},{"start":{},"end":{}}],"line":571},"14":{"loc":{"start":{"line":785,"column":4},"end":{"line":787,"column":5}},"type":"if","locations":[{"start":{"line":785,"column":4},"end":{"line":787,"column":5}},{"start":{},"end":{}}],"line":785},"15":{"loc":{"start":{"line":785,"column":8},"end":{"line":785,"column":33}},"type":"binary-expr","locations":[{"start":{"line":785,"column":8},"end":{"line":785,"column":16}},{"start":{"line":785,"column":20},"end":{"line":785,"column":33}}],"line":785},"16":{"loc":{"start":{"line":908,"column":4},"end":{"line":910,"column":5}},"type":"if","locations":[{"start":{"line":908,"column":4},"end":{"line":910,"column":5}},{"start":{},"end":{}}],"line":908},"17":{"loc":{"start":{"line":908,"column":8},"end":{"line":908,"column":33}},"type":"binary-expr","locations":[{"start":{"line":908,"column":8},"end":{"line":908,"column":16}},{"start":{"line":908,"column":20},"end":{"line":908,"column":33}}],"line":908},"18":{"loc":{"start":{"line":1002,"column":4},"end":{"line":1004,"column":5}},"type":"if","locations":[{"start":{"line":1002,"column":4},"end":{"line":1004,"column":5}},{"start":{},"end":{}}],"line":1002},"19":{"loc":{"start":{"line":1008,"column":4},"end":{"line":1087,"column":5}},"type":"switch","locations":[{"start":{"line":1009,"column":6},"end":{"line":1030,"column":9}},{"start":{"line":1032,"column":6},"end":{"line":1069,"column":11}},{"start":{"line":1071,"column":6},"end":{"line":1083,"column":11}},{"start":{"line":1085,"column":6},"end":{"line":1086,"column":71}}],"line":1008},"20":{"loc":{"start":{"line":1020,"column":8},"end":{"line":1030,"column":9}},"type":"if","locations":[{"start":{"line":1020,"column":8},"end":{"line":1030,"column":9}},{"start":{"line":1026,"column":15},"end":{"line":1030,"column":9}}],"line":1020},"21":{"loc":{"start":{"line":1041,"column":8},"end":{"line":1045,"column":9}},"type":"if","locations":[{"start":{"line":1041,"column":8},"end":{"line":1045,"column":9}},{"start":{},"end":{}}],"line":1041},"22":{"loc":{"start":{"line":1047,"column":8},"end":{"line":1049,"column":9}},"type":"if","locations":[{"start":{"line":1047,"column":8},"end":{"line":1049,"column":9}},{"start":{},"end":{}}],"line":1047},"23":{"loc":{"start":{"line":1149,"column":4},"end":{"line":1153,"column":5}},"type":"if","locations":[{"start":{"line":1149,"column":4},"end":{"line":1153,"column":5}},{"start":{"line":1151,"column":11},"end":{"line":1153,"column":5}}],"line":1149},"24":{"loc":{"start":{"line":1275,"column":4},"end":{"line":1277,"column":5}},"type":"if","locations":[{"start":{"line":1275,"column":4},"end":{"line":1277,"column":5}},{"start":{},"end":{}}],"line":1275},"25":{"loc":{"start":{"line":1364,"column":4},"end":{"line":1368,"column":5}},"type":"if","locations":[{"start":{"line":1364,"column":4},"end":{"line":1368,"column":5}},{"start":{"line":1366,"column":11},"end":{"line":1368,"column":5}}],"line":1364},"26":{"loc":{"start":{"line":1459,"column":4},"end":{"line":1461,"column":5}},"type":"if","locations":[{"start":{"line":1459,"column":4},"end":{"line":1461,"column":5}},{"start":{},"end":{}}],"line":1459},"27":{"loc":{"start":{"line":1557,"column":6},"end":{"line":1561,"column":7}},"type":"if","locations":[{"start":{"line":1557,"column":6},"end":{"line":1561,"column":7}},{"start":{"line":1559,"column":13},"end":{"line":1561,"column":7}}],"line":1557},"28":{"loc":{"start":{"line":1642,"column":4},"end":{"line":1646,"column":5}},"type":"if","locations":[{"start":{"line":1642,"column":4},"end":{"line":1646,"column":5}},{"start":{"line":1644,"column":11},"end":{"line":1646,"column":5}}],"line":1642},"29":{"loc":{"start":{"line":1718,"column":4},"end":{"line":1722,"column":5}},"type":"if","locations":[{"start":{"line":1718,"column":4},"end":{"line":1722,"column":5}},{"start":{},"end":{}}],"line":1718},"30":{"loc":{"start":{"line":1789,"column":4},"end":{"line":1793,"column":5}},"type":"if","locations":[{"start":{"line":1789,"column":4},"end":{"line":1793,"column":5}},{"start":{},"end":{}}],"line":1789},"31":{"loc":{"start":{"line":1794,"column":4},"end":{"line":1796,"column":5}},"type":"if","locations":[{"start":{"line":1794,"column":4},"end":{"line":1796,"column":5}},{"start":{},"end":{}}],"line":1794},"32":{"loc":{"start":{"line":1857,"column":4},"end":{"line":1861,"column":5}},"type":"if","locations":[{"start":{"line":1857,"column":4},"end":{"line":1861,"column":5}},{"start":{"line":1859,"column":11},"end":{"line":1861,"column":5}}],"line":1857}},"s":{"0":1,"1":1,"2":1,"3":1,"4":1,"5":1,"6":1,"7":1,"8":3,"9":3,"10":0,"11":3,"12":3,"13":0,"14":3,"15":3,"16":3,"17":3,"18":1,"19":3,"20":3,"21":3,"22":3,"23":3,"24":3,"25":0,"26":0,"27":0,"28":0,"29":1,"30":0,"31":1,"32":1,"33":1,"34":1,"35":1,"36":0,"37":0,"38":0,"39":1,"40":0,"41":0,"42":0,"43":0,"44":0,"45":0,"46":1,"47":4,"48":4,"49":4,"50":4,"51":4,"52":2,"53":2,"54":2,"55":2,"56":2,"57":0,"58":0,"59":1,"60":1,"61":1,"62":1,"63":0,"64":1,"65":1,"66":1,"67":1,"68":1,"69":0,"70":1,"71":1,"72":1,"73":1,"74":1,"75":1,"76":1,"77":1,"78":0,"79":0,"80":0,"81":1,"82":1,"83":1,"84":0,"85":0,"86":0,"87":0,"88":1,"89":1,"90":1,"91":1,"92":1,"93":1,"94":1,"95":1,"96":1,"97":1,"98":1,"99":0,"100":1,"101":1,"102":0,"103":0,"104":0,"105":0,"106":0,"107":0,"108":0,"109":1,"110":1,"111":1,"112":1,"113":1,"114":1,"115":1,"116":0,"117":1,"118":0,"119":0,"120":1,"121":1,"122":1,"123":1,"124":1,"125":0,"126":0,"127":1,"128":0,"129":0,"130":0,"131":0,"132":0,"133":0,"134":0,"135":0,"136":1,"137":0,"138":0,"139":0,"140":0,"141":0,"142":1,"143":0,"144":0,"145":0,"146":0,"147":0,"148":0,"149":0,"150":0,"151":0,"152":0,"153":0,"154":1,"155":0,"156":0,"157":0,"158":0,"159":0,"160":0,"161":0,"162":0,"163":0,"164":0,"165":1,"166":0,"167":0,"168":0,"169":0,"170":0,"171":0,"172":0,"173":0,"174":0,"175":0,"176":0,"177":0,"178":0,"179":0,"180":0,"181":0,"182":0,"183":0,"184":0,"185":0,"186":0,"187":0,"188":0,"189":0,"190":0,"191":0,"192":0,"193":1,"194":0,"195":0,"196":0,"197":0,"198":0,"199":0,"200":0,"201":0,"202":1,"203":0,"204":0,"205":0,"206":0,"207":0,"208":1,"209":0,"210":0,"211":0,"212":0,"213":0,"214":0,"215":0,"216":0,"217":0,"218":0,"219":0,"220":0,"221":0,"222":0,"223":1,"224":0,"225":0,"226":0,"227":0,"228":0,"229":0,"230":0,"231":1,"232":1,"233":1,"234":1,"235":1,"236":0,"237":1,"238":1,"239":0,"240":1,"241":0,"242":0,"243":1,"244":0,"245":0,"246":0,"247":0,"248":0,"249":0,"250":0,"251":0,"252":1,"253":1,"254":1,"255":1,"256":1,"257":0,"258":1,"259":0,"260":0,"261":1,"262":0,"263":0,"264":0,"265":0,"266":0,"267":0,"268":0,"269":0,"270":0,"271":1,"272":0,"273":0,"274":0,"275":0,"276":0,"277":0,"278":0,"279":0,"280":0,"281":0,"282":0,"283":0,"284":1,"285":0,"286":0,"287":0,"288":0,"289":0,"290":0,"291":0,"292":0,"293":1,"294":1,"295":1,"296":1,"297":0,"298":1,"299":1,"300":1,"301":1,"302":0,"303":1},"f":{"0":3,"1":3,"2":3,"3":0,"4":1,"5":0,"6":4,"7":1,"8":1,"9":1,"10":1,"11":0,"12":0,"13":1,"14":1,"15":0,"16":1,"17":1,"18":0,"19":0,"20":0,"21":0,"22":0,"23":0,"24":0,"25":0,"26":0,"27":0,"28":0,"29":1,"30":0,"31":0,"32":1,"33":0,"34":0,"35":0,"36":1,"37":1,"38":1,"39":0},"b":{"0":[0,3],"1":[0,3],"2":[3,0],"3":[3,3],"4":[1,0],"5":[4,0],"6":[2,2],"7":[0,1],"8":[1,1,1,1],"9":[1,0],"10":[0,1],"11":[1,0],"12":[1,1],"13":[0,1],"14":[0,0],"15":[0,0],"16":[0,0],"17":[0,0],"18":[0,0],"19":[0,0,0,0],"20":[0,0],"21":[0,0],"22":[0,0],"23":[0,0],"24":[0,0],"25":[0,0],"26":[0,1],"27":[0,0],"28":[0,1],"29":[0,0],"30":[0,0],"31":[0,0],"32":[0,0]},"_coverageSchema":"1a1c01bbd47fc00a2c39e90264f33305004495a9","hash":"c85254e7a16cb32cf4c130cb52a9e235f844cd0e"}
,"C:\\Local\\Project\\New folder (2)\\new_service_provisioning_system\\server\\swagger.js": {"path":"C:\\Local\\Project\\New folder (2)\\new_service_provisioning_system\\server\\swagger.js","statementMap":{"0":{"start":{"line":4,"column":23},"end":{"line":23,"column":1}}},"fnMap":{},"branchMap":{},"s":{"0":1},"f":{},"b":{},"_coverageSchema":"1a1c01bbd47fc00a2c39e90264f33305004495a9","hash":"1bd638fb3259d49ef66baa3973c4ff733dda2340"}
,"C:\\Local\\Project\\New folder (2)\\new_service_provisioning_system\\server\\models\\Archive.js": {"path":"C:\\Local\\Project\\New folder (2)\\new_service_provisioning_system\\server\\models\\Archive.js","statementMap":{"0":{"start":{"line":4,"column":16},"end":{"line":27,"column":2}}},"fnMap":{},"branchMap":{},"s":{"0":1},"f":{},"b":{},"_coverageSchema":"1a1c01bbd47fc00a2c39e90264f33305004495a9","hash":"ac184588453534e652518c467fd984a8b9b8bd42"}
,"C:\\Local\\Project\\New folder (2)\\new_service_provisioning_system\\server\\models\\CustomerService.js": {"path":"C:\\Local\\Project\\New folder (2)\\new_service_provisioning_system\\server\\models\\CustomerService.js","statementMap":{"0":{"start":{"line":6,"column":24},"end":{"line":33,"column":2}},"1":{"start":{"line":36,"column":0},"end":{"line":36,"column":61}},"2":{"start":{"line":37,"column":0},"end":{"line":37,"column":63}},"3":{"start":{"line":39,"column":0},"end":{"line":39,"column":63}},"4":{"start":{"line":40,"column":0},"end":{"line":40,"column":65}}},"fnMap":{},"branchMap":{},"s":{"0":1,"1":1,"2":1,"3":1,"4":1},"f":{},"b":{},"_coverageSchema":"1a1c01bbd47fc00a2c39e90264f33305004495a9","hash":"df8fb734d76690729c7130444c3fa18f255d8f5c"}
,"C:\\Local\\Project\\New folder (2)\\new_service_provisioning_system\\server\\models\\Plan.js": {"path":"C:\\Local\\Project\\New folder (2)\\new_service_provisioning_system\\server\\models\\Plan.js","statementMap":{"0":{"start":{"line":5,"column":13},"end":{"line":14,"column":2}},"1":{"start":{"line":17,"column":0},"end":{"line":17,"column":52}},"2":{"start":{"line":18,"column":0},"end":{"line":18,"column":54}}},"fnMap":{},"branchMap":{},"s":{"0":1,"1":1,"2":1},"f":{},"b":{},"_coverageSchema":"1a1c01bbd47fc00a2c39e90264f33305004495a9","hash":"7ae2430d125d4e10d45b0dd9497fe5fbbe4c9d10"}
,"C:\\Local\\Project\\New folder (2)\\new_service_provisioning_system\\server\\models\\Request.js": {"path":"C:\\Local\\Project\\New folder (2)\\new_service_provisioning_system\\server\\models\\Request.js","statementMap":{"0":{"start":{"line":7,"column":16},"end":{"line":42,"column":2}},"1":{"start":{"line":45,"column":0},"end":{"line":45,"column":53}},"2":{"start":{"line":46,"column":0},"end":{"line":46,"column":55}},"3":{"start":{"line":48,"column":0},"end":{"line":48,"column":55}},"4":{"start":{"line":49,"column":0},"end":{"line":49,"column":57}}},"fnMap":{},"branchMap":{},"s":{"0":1,"1":1,"2":1,"3":1,"4":1},"f":{},"b":{},"_coverageSchema":"1a1c01bbd47fc00a2c39e90264f33305004495a9","hash":"39555e72e4a006e648dc46c98cd1672cc8b3eec8"}
,"C:\\Local\\Project\\New folder (2)\\new_service_provisioning_system\\server\\models\\Service.js": {"path":"C:\\Local\\Project\\New folder (2)\\new_service_provisioning_system\\server\\models\\Service.js","statementMap":{"0":{"start":{"line":4,"column":16},"end":{"line":11,"column":2}}},"fnMap":{},"branchMap":{},"s":{"0":1},"f":{},"b":{},"_coverageSchema":"1a1c01bbd47fc00a2c39e90264f33305004495a9","hash":"5c24c65208f910bd5075a35a0f0de715f039e7bf"}
,"C:\\Local\\Project\\New folder (2)\\new_service_provisioning_system\\server\\models\\User.js": {"path":"C:\\Local\\Project\\New folder (2)\\new_service_provisioning_system\\server\\models\\User.js","statementMap":{"0":{"start":{"line":4,"column":13},"end":{"line":25,"column":2}}},"fnMap":{},"branchMap":{},"s":{"0":1},"f":{},"b":{},"_coverageSchema":"1a1c01bbd47fc00a2c39e90264f33305004495a9","hash":"265c83021e0b4a32ebc0b2ab2dce7643ae2e03fc"}
,"C:\\Local\\Project\\New folder (2)\\new_service_provisioning_system\\server\\models\\index.js": {"path":"C:\\Local\\Project\\New folder (2)\\new_service_provisioning_system\\server\\models\\index.js","statementMap":{"0":{"start":{"line":9,"column":0},"end":{"line":9,"column":85}},"1":{"start":{"line":10,"column":0},"end":{"line":10,"column":84}}},"fnMap":{},"branchMap":{},"s":{"0":1,"1":1},"f":{},"b":{},"_coverageSchema":"1a1c01bbd47fc00a2c39e90264f33305004495a9","hash":"e5b6b5bc60d60e8c4d1fccfa383f06ed1325bce8"}
}
