TN:
SF:config.js
FNF:0
FNH:0
DA:2,1
LF:1
LH:1
BRDA:27,0,0,1
BRDA:27,0,1,0
BRF:2
BRH:1
end_of_record
TN:
SF:sequelize.js
FNF:0
FNH:0
DA:5,1
LF:1
LH:1
BRF:0
BRH:0
end_of_record
TN:
SF:server.js
FN:53,(anonymous_0)
FN:61,(anonymous_1)
FN:75,(anonymous_2)
FN:96,(anonymous_3)
FN:103,(anonymous_4)
FN:120,(anonymous_5)
FN:135,(anonymous_6)
FN:164,(anonymous_7)
FN:187,(anonymous_8)
FN:204,(anonymous_9)
FN:219,(anonymous_10)
FN:229,(anonymous_11)
FN:233,(anonymous_12)
FN:248,(anonymous_13)
FN:256,(anonymous_14)
FN:270,(anonymous_15)
FN:288,(anonymous_16)
FN:307,(anonymous_17)
FN:317,(anonymous_18)
FN:330,(anonymous_19)
FN:342,(anonymous_20)
FN:353,(anonymous_21)
FN:387,(anonymous_22)
FN:423,(anonymous_23)
FN:524,(anonymous_24)
FN:539,(anonymous_25)
FN:549,(anonymous_26)
FN:564,(anonymous_27)
FN:588,(anonymous_28)
FN:607,(anonymous_29)
FN:635,(anonymous_30)
FN:652,(anonymous_31)
FN:670,(anonymous_32)
FN:689,(anonymous_33)
FN:716,(anonymous_34)
FN:752,(anonymous_35)
FN:772,(anonymous_36)
FN:781,(anonymous_37)
FN:787,(anonymous_38)
FN:790,(anonymous_39)
FNF:40
FNH:18
FNDA:2,(anonymous_0)
FNDA:0,(anonymous_1)
FNDA:0,(anonymous_2)
FNDA:0,(anonymous_3)
FNDA:0,(anonymous_4)
FNDA:0,(anonymous_5)
FNDA:4,(anonymous_6)
FNDA:0,(anonymous_7)
FNDA:0,(anonymous_8)
FNDA:1,(anonymous_9)
FNDA:1,(anonymous_10)
FNDA:16,(anonymous_11)
FNDA:16,(anonymous_12)
FNDA:1,(anonymous_13)
FNDA:1,(anonymous_14)
FNDA:1,(anonymous_15)
FNDA:0,(anonymous_16)
FNDA:1,(anonymous_17)
FNDA:0,(anonymous_18)
FNDA:0,(anonymous_19)
FNDA:0,(anonymous_20)
FNDA:0,(anonymous_21)
FNDA:3,(anonymous_22)
FNDA:1,(anonymous_23)
FNDA:1,(anonymous_24)
FNDA:1,(anonymous_25)
FNDA:0,(anonymous_26)
FNDA:0,(anonymous_27)
FNDA:0,(anonymous_28)
FNDA:0,(anonymous_29)
FNDA:0,(anonymous_30)
FNDA:0,(anonymous_31)
FNDA:1,(anonymous_32)
FNDA:0,(anonymous_33)
FNDA:0,(anonymous_34)
FNDA:0,(anonymous_35)
FNDA:1,(anonymous_36)
FNDA:1,(anonymous_37)
FNDA:1,(anonymous_38)
FNDA:0,(anonymous_39)
DA:17,1
DA:18,1
DA:38,1
DA:39,1
DA:40,1
DA:47,1
DA:48,1
DA:49,1
DA:53,1
DA:54,2
DA:55,2
DA:56,2
DA:61,0
DA:62,0
DA:63,0
DA:65,0
DA:66,0
DA:67,0
DA:68,0
DA:75,1
DA:76,0
DA:77,0
DA:78,0
DA:79,0
DA:80,0
DA:81,0
DA:83,0
DA:84,0
DA:87,0
DA:88,0
DA:96,1
DA:97,0
DA:103,1
DA:104,0
DA:105,0
DA:110,0
DA:111,0
DA:113,0
DA:116,0
DA:117,0
DA:120,1
DA:121,0
DA:122,0
DA:123,0
DA:129,0
DA:131,0
DA:132,0
DA:135,1
DA:136,4
DA:137,4
DA:138,4
DA:139,4
DA:143,4
DA:144,0
DA:149,0
DA:150,0
DA:151,0
DA:153,4
DA:156,0
DA:159,0
DA:164,1
DA:165,0
DA:166,0
DA:169,0
DA:175,0
DA:179,0
DA:182,0
DA:187,0
DA:193,0
DA:195,0
DA:197,0
DA:198,0
DA:204,1
DA:205,1
DA:206,1
DA:207,1
DA:208,1
DA:209,1
DA:211,0
DA:213,0
DA:214,0
DA:219,1
DA:220,1
DA:221,1
DA:229,16
DA:233,16
DA:241,1
DA:243,0
DA:244,0
DA:248,1
DA:249,1
DA:250,1
DA:256,1
DA:257,1
DA:258,1
DA:259,1
DA:260,1
DA:261,1
DA:262,0
DA:265,1
DA:266,1
DA:267,1
DA:270,1
DA:276,1
DA:277,1
DA:278,1
DA:281,1
DA:283,0
DA:284,0
DA:288,1
DA:289,0
DA:290,0
DA:292,0
DA:293,0
DA:294,0
DA:297,0
DA:298,0
DA:300,0
DA:302,0
DA:307,1
DA:308,1
DA:309,1
DA:310,1
DA:312,0
DA:313,0
DA:317,1
DA:318,0
DA:319,0
DA:321,0
DA:330,0
DA:335,0
DA:337,0
DA:338,0
DA:342,1
DA:343,0
DA:344,0
DA:345,0
DA:347,0
DA:348,0
DA:353,1
DA:354,0
DA:355,0
DA:358,0
DA:359,0
DA:365,0
DA:366,0
DA:367,0
DA:370,0
DA:377,0
DA:382,0
DA:383,0
DA:387,1
DA:388,3
DA:389,3
DA:391,3
DA:392,3
DA:399,3
DA:400,0
DA:403,3
DA:411,3
DA:417,0
DA:418,0
DA:423,1
DA:424,1
DA:425,1
DA:428,1
DA:430,1
DA:431,0
DA:438,1
DA:440,0
DA:450,0
DA:451,0
DA:452,0
DA:457,0
DA:463,0
DA:469,0
DA:471,0
DA:472,0
DA:477,0
DA:478,0
DA:480,0
DA:486,0
DA:495,0
DA:496,0
DA:502,1
DA:509,0
DA:510,0
DA:516,0
DA:519,1
DA:520,1
DA:524,1
DA:525,1
DA:526,1
DA:527,1
DA:528,1
DA:529,1
DA:531,0
DA:534,0
DA:535,0
DA:539,1
DA:540,1
DA:541,1
DA:542,1
DA:544,0
DA:545,0
DA:549,1
DA:550,0
DA:551,0
DA:554,0
DA:557,0
DA:558,0
DA:559,0
DA:561,0
DA:563,0
DA:565,0
DA:576,0
DA:579,0
DA:581,0
DA:583,0
DA:584,0
DA:588,1
DA:589,0
DA:590,0
DA:595,0
DA:596,0
DA:598,0
DA:601,0
DA:602,0
DA:607,1
DA:608,0
DA:609,0
DA:611,0
DA:616,0
DA:617,0
DA:620,0
DA:631,0
DA:635,0
DA:643,0
DA:645,0
DA:646,0
DA:650,1
DA:653,0
DA:654,0
DA:655,0
DA:658,0
DA:659,0
DA:661,0
DA:664,0
DA:665,0
DA:670,1
DA:671,1
DA:672,1
DA:673,1
DA:678,1
DA:679,0
DA:681,1
DA:684,0
DA:685,0
DA:689,1
DA:690,0
DA:691,0
DA:694,0
DA:698,0
DA:700,0
DA:701,0
DA:707,0
DA:709,0
DA:710,0
DA:716,1
DA:717,0
DA:718,0
DA:721,0
DA:724,0
DA:725,0
DA:726,0
DA:730,0
DA:731,0
DA:736,0
DA:744,0
DA:746,0
DA:747,0
DA:752,1
DA:753,0
DA:754,0
DA:757,0
DA:761,0
DA:762,0
DA:764,0
DA:767,0
DA:768,0
DA:772,1
DA:773,1
DA:774,1
DA:775,1
DA:777,0
DA:781,1
DA:782,1
DA:785,1
DA:788,1
DA:790,0
LF:300
LH:109
BRDA:55,0,0,2
BRDA:55,0,1,0
BRDA:62,1,0,0
BRDA:62,1,1,0
BRDA:80,2,0,0
BRDA:80,2,1,0
BRDA:80,3,0,0
BRDA:80,3,1,0
BRDA:110,4,0,0
BRDA:110,4,1,0
BRDA:138,5,0,4
BRDA:138,5,1,0
BRDA:143,6,0,0
BRDA:143,6,1,4
BRDA:169,7,0,0
BRDA:169,7,1,0
BRDA:170,8,0,0
BRDA:170,8,1,0
BRDA:170,8,2,0
BRDA:170,8,3,0
BRDA:208,9,0,1
BRDA:208,9,1,0
BRDA:261,10,0,0
BRDA:261,10,1,1
BRDA:265,11,0,1
BRDA:265,11,1,0
BRDA:265,12,0,1
BRDA:265,12,1,1
BRDA:293,13,0,0
BRDA:293,13,1,0
BRDA:366,14,0,0
BRDA:366,14,1,0
BRDA:366,15,0,0
BRDA:366,15,1,0
BRDA:399,16,0,0
BRDA:399,16,1,3
BRDA:399,17,0,3
BRDA:399,17,1,3
BRDA:430,18,0,0
BRDA:430,18,1,1
BRDA:438,19,0,0
BRDA:438,19,1,0
BRDA:438,19,2,1
BRDA:438,19,3,0
BRDA:450,20,0,0
BRDA:450,20,1,0
BRDA:471,21,0,0
BRDA:471,21,1,0
BRDA:477,22,0,0
BRDA:477,22,1,0
BRDA:528,23,0,1
BRDA:528,23,1,0
BRDA:558,24,0,0
BRDA:558,24,1,0
BRDA:595,25,0,0
BRDA:595,25,1,0
BRDA:616,26,0,0
BRDA:616,26,1,0
BRDA:658,27,0,0
BRDA:658,27,1,0
BRDA:678,28,0,0
BRDA:678,28,1,1
BRDA:700,29,0,0
BRDA:700,29,1,0
BRDA:725,30,0,0
BRDA:725,30,1,0
BRDA:730,31,0,0
BRDA:730,31,1,0
BRDA:761,32,0,0
BRDA:761,32,1,0
BRF:70
BRH:15
end_of_record
TN:
SF:models\Archive.js
FNF:0
FNH:0
DA:4,1
LF:1
LH:1
BRF:0
BRH:0
end_of_record
TN:
SF:models\CustomerService.js
FNF:0
FNH:0
DA:6,1
DA:36,1
DA:37,1
DA:39,1
DA:40,1
LF:5
LH:5
BRF:0
BRH:0
end_of_record
TN:
SF:models\Plan.js
FNF:0
FNH:0
DA:5,1
DA:17,1
DA:18,1
LF:3
LH:3
BRF:0
BRH:0
end_of_record
TN:
SF:models\Request.js
FNF:0
FNH:0
DA:7,1
DA:45,1
DA:46,1
DA:48,1
DA:49,1
LF:5
LH:5
BRF:0
BRH:0
end_of_record
TN:
SF:models\Service.js
FNF:0
FNH:0
DA:4,1
LF:1
LH:1
BRF:0
BRH:0
end_of_record
TN:
SF:models\User.js
FNF:0
FNH:0
DA:4,1
LF:1
LH:1
BRF:0
BRH:0
end_of_record
TN:
SF:models\index.js
FNF:0
FNH:0
DA:9,1
DA:10,1
LF:2
LH:2
BRF:0
BRH:0
end_of_record
