TN:
SF:config.js
FNF:0
FNH:0
DA:2,1
LF:1
LH:1
BRDA:27,0,0,1
BRDA:27,0,1,0
BRF:2
BRH:1
end_of_record
TN:
SF:mail.js
FN:18,(anonymous_0)
FN:25,(anonymous_1)
FN:83,(anonymous_2)
FN:84,(anonymous_3)
FNF:4
FNH:4
FNDA:1,(anonymous_0)
FNDA:2,(anonymous_1)
FNDA:2,(anonymous_2)
FNDA:2,(anonymous_3)
DA:5,1
DA:6,1
DA:8,1
DA:18,1
DA:19,1
DA:20,0
DA:22,1
DA:25,1
DA:26,2
DA:83,2
DA:84,2
DA:85,2
DA:86,2
DA:87,2
DA:89,0
DA:90,0
LF:16
LH:13
BRDA:19,0,0,0
BRDA:19,0,1,1
BRDA:85,1,0,2
BRDA:85,1,1,0
BRF:4
BRH:2
end_of_record
TN:
SF:sequelize.js
FNF:0
FNH:0
DA:5,1
LF:1
LH:1
BRF:0
BRH:0
end_of_record
TN:
SF:server.js
FN:54,(anonymous_0)
FN:62,(anonymous_1)
FN:76,(anonymous_2)
FN:97,(anonymous_3)
FN:120,(anonymous_4)
FN:127,(anonymous_5)
FN:144,(anonymous_6)
FN:159,(anonymous_7)
FN:188,(anonymous_8)
FN:211,(anonymous_9)
FN:228,(anonymous_10)
FN:243,(anonymous_11)
FN:253,(anonymous_12)
FN:257,(anonymous_13)
FN:272,(anonymous_14)
FN:280,(anonymous_15)
FN:294,(anonymous_16)
FN:312,(anonymous_17)
FN:331,(anonymous_18)
FN:351,(anonymous_19)
FN:364,(anonymous_20)
FN:376,(anonymous_21)
FN:386,(anonymous_22)
FN:402,(anonymous_23)
FN:436,(anonymous_24)
FN:477,(anonymous_25)
FN:606,(anonymous_26)
FN:621,(anonymous_27)
FN:633,(anonymous_28)
FN:654,(anonymous_29)
FN:673,(anonymous_30)
FN:688,(anonymous_31)
FN:712,(anonymous_32)
FN:731,(anonymous_33)
FN:759,(anonymous_34)
FN:776,(anonymous_35)
FN:794,(anonymous_36)
FN:821,(anonymous_37)
FN:848,(anonymous_38)
FN:884,(anonymous_39)
FN:912,(anonymous_40)
FN:921,(anonymous_41)
FN:927,(anonymous_42)
FN:930,(anonymous_43)
FNF:44
FNH:21
FNDA:3,(anonymous_0)
FNDA:3,(anonymous_1)
FNDA:3,(anonymous_2)
FNDA:1,(anonymous_3)
FNDA:0,(anonymous_4)
FNDA:1,(anonymous_5)
FNDA:0,(anonymous_6)
FNDA:4,(anonymous_7)
FNDA:1,(anonymous_8)
FNDA:1,(anonymous_9)
FNDA:1,(anonymous_10)
FNDA:1,(anonymous_11)
FNDA:27,(anonymous_12)
FNDA:27,(anonymous_13)
FNDA:1,(anonymous_14)
FNDA:1,(anonymous_15)
FNDA:1,(anonymous_16)
FNDA:1,(anonymous_17)
FNDA:1,(anonymous_18)
FNDA:0,(anonymous_19)
FNDA:0,(anonymous_20)
FNDA:0,(anonymous_21)
FNDA:0,(anonymous_22)
FNDA:0,(anonymous_23)
FNDA:2,(anonymous_24)
FNDA:0,(anonymous_25)
FNDA:1,(anonymous_26)
FNDA:1,(anonymous_27)
FNDA:0,(anonymous_28)
FNDA:0,(anonymous_29)
FNDA:0,(anonymous_30)
FNDA:0,(anonymous_31)
FNDA:0,(anonymous_32)
FNDA:0,(anonymous_33)
FNDA:0,(anonymous_34)
FNDA:0,(anonymous_35)
FNDA:0,(anonymous_36)
FNDA:0,(anonymous_37)
FNDA:0,(anonymous_38)
FNDA:0,(anonymous_39)
FNDA:1,(anonymous_40)
FNDA:0,(anonymous_41)
FNDA:0,(anonymous_42)
FNDA:0,(anonymous_43)
DA:18,1
DA:19,1
DA:39,1
DA:40,1
DA:41,1
DA:48,1
DA:49,1
DA:50,1
DA:54,1
DA:55,3
DA:56,3
DA:57,0
DA:62,3
DA:63,3
DA:64,0
DA:66,3
DA:67,3
DA:68,3
DA:69,3
DA:76,1
DA:77,3
DA:78,3
DA:79,3
DA:80,3
DA:81,3
DA:82,3
DA:84,0
DA:85,0
DA:88,0
DA:89,0
DA:97,1
DA:98,1
DA:99,1
DA:101,1
DA:103,1
DA:110,0
DA:113,1
DA:117,1
DA:120,1
DA:121,0
DA:127,1
DA:128,1
DA:129,1
DA:134,1
DA:135,1
DA:137,0
DA:140,0
DA:141,0
DA:144,1
DA:145,0
DA:146,0
DA:147,0
DA:153,0
DA:155,0
DA:156,0
DA:159,1
DA:160,4
DA:161,4
DA:162,4
DA:163,4
DA:167,4
DA:168,1
DA:173,1
DA:174,1
DA:175,1
DA:177,3
DA:180,0
DA:183,0
DA:188,1
DA:189,1
DA:190,1
DA:193,1
DA:199,0
DA:203,1
DA:206,1
DA:211,1
DA:217,1
DA:219,1
DA:221,0
DA:222,0
DA:228,1
DA:229,1
DA:230,1
DA:231,1
DA:232,1
DA:233,1
DA:235,0
DA:237,0
DA:238,0
DA:243,1
DA:244,1
DA:245,1
DA:253,27
DA:257,27
DA:265,1
DA:267,0
DA:268,0
DA:272,1
DA:273,1
DA:274,1
DA:280,1
DA:281,1
DA:282,1
DA:283,1
DA:284,1
DA:285,1
DA:286,0
DA:289,1
DA:290,1
DA:291,1
DA:294,1
DA:300,1
DA:301,1
DA:302,1
DA:305,1
DA:307,0
DA:308,0
DA:312,1
DA:313,1
DA:314,1
DA:316,1
DA:317,1
DA:318,0
DA:321,1
DA:322,1
DA:324,1
DA:326,0
DA:331,1
DA:332,1
DA:334,1
DA:343,1
DA:345,0
DA:346,0
DA:351,1
DA:352,0
DA:353,0
DA:355,0
DA:364,0
DA:369,0
DA:371,0
DA:372,0
DA:376,1
DA:377,0
DA:378,0
DA:379,0
DA:381,0
DA:382,0
DA:386,1
DA:387,0
DA:388,0
DA:389,0
DA:394,0
DA:396,0
DA:397,0
DA:402,1
DA:403,0
DA:404,0
DA:407,0
DA:408,0
DA:414,0
DA:415,0
DA:416,0
DA:419,0
DA:426,0
DA:431,0
DA:432,0
DA:436,1
DA:437,2
DA:438,2
DA:440,2
DA:441,2
DA:448,2
DA:449,0
DA:452,2
DA:465,2
DA:471,0
DA:472,0
DA:477,1
DA:478,0
DA:479,0
DA:482,0
DA:484,0
DA:485,0
DA:492,0
DA:494,0
DA:504,0
DA:505,0
DA:508,0
DA:509,0
DA:512,0
DA:513,0
DA:514,0
DA:519,0
DA:525,0
DA:531,0
DA:533,0
DA:534,0
DA:539,0
DA:540,0
DA:542,0
DA:543,0
DA:544,0
DA:545,0
DA:548,0
DA:549,0
DA:551,0
DA:557,0
DA:568,0
DA:569,0
DA:575,0
DA:581,0
DA:582,0
DA:585,0
DA:586,0
DA:588,0
DA:589,0
DA:595,0
DA:600,0
DA:601,0
DA:606,1
DA:607,1
DA:608,1
DA:609,1
DA:610,1
DA:611,1
DA:613,0
DA:616,0
DA:617,0
DA:621,1
DA:622,1
DA:623,1
DA:624,1
DA:626,0
DA:627,0
DA:633,1
DA:634,0
DA:635,0
DA:636,0
DA:637,0
DA:649,0
DA:650,0
DA:654,0
DA:664,0
DA:665,0
DA:667,0
DA:668,0
DA:673,1
DA:674,0
DA:675,0
DA:678,0
DA:681,0
DA:682,0
DA:683,0
DA:685,0
DA:687,0
DA:689,0
DA:700,0
DA:703,0
DA:705,0
DA:707,0
DA:708,0
DA:712,1
DA:713,0
DA:714,0
DA:719,0
DA:720,0
DA:722,0
DA:725,0
DA:726,0
DA:731,1
DA:732,0
DA:733,0
DA:735,0
DA:740,0
DA:741,0
DA:744,0
DA:755,0
DA:759,0
DA:767,0
DA:769,0
DA:770,0
DA:774,1
DA:777,0
DA:778,0
DA:779,0
DA:782,0
DA:783,0
DA:785,0
DA:788,0
DA:789,0
DA:794,1
DA:795,0
DA:796,0
DA:797,0
DA:802,0
DA:803,0
DA:805,0
DA:807,0
DA:810,0
DA:811,0
DA:813,0
DA:816,0
DA:817,0
DA:821,1
DA:822,0
DA:823,0
DA:826,0
DA:830,0
DA:832,0
DA:833,0
DA:839,0
DA:841,0
DA:842,0
DA:848,1
DA:849,0
DA:850,0
DA:853,0
DA:856,0
DA:857,0
DA:858,0
DA:862,0
DA:863,0
DA:868,0
DA:876,0
DA:878,0
DA:879,0
DA:884,1
DA:885,0
DA:886,0
DA:890,0
DA:891,0
DA:893,0
DA:894,0
DA:896,0
DA:901,0
DA:902,0
DA:904,0
DA:907,0
DA:908,0
DA:912,1
DA:913,1
DA:914,1
DA:915,1
DA:917,0
DA:921,1
DA:922,0
DA:925,0
DA:928,0
DA:930,0
LF:349
LH:136
BRDA:56,0,0,0
BRDA:56,0,1,3
BRDA:63,1,0,0
BRDA:63,1,1,3
BRDA:81,2,0,3
BRDA:81,2,1,0
BRDA:81,3,0,3
BRDA:81,3,1,3
BRDA:134,4,0,1
BRDA:134,4,1,0
BRDA:162,5,0,4
BRDA:162,5,1,0
BRDA:167,6,0,1
BRDA:167,6,1,3
BRDA:193,7,0,0
BRDA:193,7,1,1
BRDA:194,8,0,1
BRDA:194,8,1,1
BRDA:194,8,2,1
BRDA:194,8,3,1
BRDA:232,9,0,1
BRDA:232,9,1,0
BRDA:285,10,0,0
BRDA:285,10,1,1
BRDA:289,11,0,1
BRDA:289,11,1,0
BRDA:289,12,0,1
BRDA:289,12,1,1
BRDA:317,13,0,0
BRDA:317,13,1,1
BRDA:415,14,0,0
BRDA:415,14,1,0
BRDA:415,15,0,0
BRDA:415,15,1,0
BRDA:448,16,0,0
BRDA:448,16,1,2
BRDA:448,17,0,2
BRDA:448,17,1,2
BRDA:484,18,0,0
BRDA:484,18,1,0
BRDA:492,19,0,0
BRDA:492,19,1,0
BRDA:492,19,2,0
BRDA:492,19,3,0
BRDA:508,20,0,0
BRDA:508,20,1,0
BRDA:508,21,0,0
BRDA:508,21,1,0
BRDA:512,22,0,0
BRDA:512,22,1,0
BRDA:533,23,0,0
BRDA:533,23,1,0
BRDA:539,24,0,0
BRDA:539,24,1,0
BRDA:542,25,0,0
BRDA:542,25,1,0
BRDA:543,26,0,0
BRDA:543,26,1,0
BRDA:548,27,0,0
BRDA:548,27,1,0
BRDA:548,28,0,0
BRDA:548,28,1,0
BRDA:585,29,0,0
BRDA:585,29,1,0
BRDA:585,30,0,0
BRDA:585,30,1,0
BRDA:610,31,0,1
BRDA:610,31,1,0
BRDA:649,32,0,0
BRDA:649,32,1,0
BRDA:649,33,0,0
BRDA:649,33,1,0
BRDA:657,34,0,0
BRDA:657,34,1,0
BRDA:682,35,0,0
BRDA:682,35,1,0
BRDA:719,36,0,0
BRDA:719,36,1,0
BRDA:740,37,0,0
BRDA:740,37,1,0
BRDA:782,38,0,0
BRDA:782,38,1,0
BRDA:805,39,0,0
BRDA:805,39,1,0
BRDA:805,40,0,0
BRDA:805,40,1,0
BRDA:810,41,0,0
BRDA:810,41,1,0
BRDA:832,42,0,0
BRDA:832,42,1,0
BRDA:857,43,0,0
BRDA:857,43,1,0
BRDA:862,44,0,0
BRDA:862,44,1,0
BRDA:893,45,0,0
BRDA:893,45,1,0
BRDA:893,46,0,0
BRDA:893,46,1,0
BRDA:901,47,0,0
BRDA:901,47,1,0
BRF:100
BRH:24
end_of_record
TN:
SF:models\Archive.js
FNF:0
FNH:0
DA:4,1
LF:1
LH:1
BRF:0
BRH:0
end_of_record
TN:
SF:models\CustomerService.js
FNF:0
FNH:0
DA:6,1
DA:36,1
DA:37,1
DA:39,1
DA:40,1
LF:5
LH:5
BRF:0
BRH:0
end_of_record
TN:
SF:models\Plan.js
FNF:0
FNH:0
DA:5,1
DA:17,1
DA:18,1
LF:3
LH:3
BRF:0
BRH:0
end_of_record
TN:
SF:models\Request.js
FNF:0
FNH:0
DA:7,1
DA:54,1
DA:55,1
DA:57,1
DA:58,1
LF:5
LH:5
BRF:0
BRH:0
end_of_record
TN:
SF:models\Service.js
FNF:0
FNH:0
DA:4,1
LF:1
LH:1
BRF:0
BRH:0
end_of_record
TN:
SF:models\User.js
FNF:0
FNH:0
DA:4,1
LF:1
LH:1
BRF:0
BRH:0
end_of_record
TN:
SF:models\index.js
FNF:0
FNH:0
DA:9,1
DA:10,1
LF:2
LH:2
BRF:0
BRH:0
end_of_record
